2025-10-13 11:34:13,134 - INFO - 正在启动Telegram客户端...
2025-10-13 11:34:13,134 - INFO - Connecting to 91.108.56.199:443/TcpFull...
2025-10-13 11:34:13,379 - INFO - Connection to 91.108.56.199:443/TcpFull complete!
2025-10-13 11:34:14,925 - INFO - 客户端启动成功
2025-10-13 11:34:15,184 - INFO - 成功连接到频道: Cloudflare优选IP
2025-10-13 11:34:15,184 - INFO - 正在查找最新的.csv文件...
2025-10-13 11:34:15,550 - INFO - 找到CSV文件: AsnALL-20251013-IP.csv
2025-10-13 11:34:15,550 - INFO - Starting direct file download in chunks of 131072 at 0, stride 131072
2025-10-13 11:34:16,388 - INFO - 下载成功: AsnALL-20251013-IP.csv
2025-10-13 11:34:16,388 - INFO - 成功下载最新CSV文件: telegram_downloads/AsnALL-20251013-IP.csv
2025-10-13 11:34:16,388 - INFO - 正在从CSV文件中提取443端口的IP地址...
2025-10-13 11:34:16,389 - INFO - 检测到表头: ['\ufeffip地址', '端口', 'tls', '数据中心', '地区', '城市', '网络延迟', '下载速度']
2025-10-13 11:34:16,389 - INFO - 未找到IP列，假设第一列为IP列
2025-10-13 11:34:16,389 - INFO - 未找到IP列，假设第一列为IP列
2025-10-13 11:34:16,389 - INFO - 未找到IP列，假设第一列为IP列
2025-10-13 11:34:16,389 - INFO - 未找到IP列，假设第一列为IP列
2025-10-13 11:34:16,389 - INFO - 未找到IP列，假设第一列为IP列
2025-10-13 11:34:16,389 - INFO - 未找到IP列，假设第一列为IP列
2025-10-13 11:34:16,389 - INFO - 未找到IP列，假设第一列为IP列
2025-10-13 11:34:16,389 - INFO - 未找到IP列，假设第一列为IP列
2025-10-13 11:34:16,390 - INFO - 未找到IP列，假设第一列为IP列
2025-10-13 11:34:16,390 - INFO - 未找到IP列，假设第一列为IP列
2025-10-13 11:34:16,390 - INFO - 未找到IP列，假设第一列为IP列
2025-10-13 11:34:16,390 - INFO - 未找到IP列，假设第一列为IP列
2025-10-13 11:34:16,390 - INFO - 未找到IP列，假设第一列为IP列
2025-10-13 11:34:16,390 - INFO - 未找到IP列，假设第一列为IP列
2025-10-13 11:34:16,390 - INFO - 未找到IP列，假设第一列为IP列
2025-10-13 11:34:16,390 - INFO - 未找到IP列，假设第一列为IP列
2025-10-13 11:34:16,390 - INFO - 未找到IP列，假设第一列为IP列
2025-10-13 11:34:16,390 - INFO - 未找到IP列，假设第一列为IP列
2025-10-13 11:34:16,390 - INFO - 未找到IP列，假设第一列为IP列
2025-10-13 11:34:16,390 - INFO - 未找到IP列，假设第一列为IP列
2025-10-13 11:34:16,390 - INFO - 未找到IP列，假设第一列为IP列
2025-10-13 11:34:16,390 - INFO - 未找到IP列，假设第一列为IP列
2025-10-13 11:34:16,391 - INFO - 未找到IP列，假设第一列为IP列
2025-10-13 11:34:16,391 - INFO - 未找到IP列，假设第一列为IP列
2025-10-13 11:34:16,391 - INFO - 未找到IP列，假设第一列为IP列
2025-10-13 11:34:16,391 - INFO - 未找到IP列，假设第一列为IP列
2025-10-13 11:34:16,391 - INFO - 未找到IP列，假设第一列为IP列
2025-10-13 11:34:16,391 - INFO - 未找到IP列，假设第一列为IP列
2025-10-13 11:34:16,391 - INFO - 未找到IP列，假设第一列为IP列
2025-10-13 11:34:16,391 - INFO - 未找到IP列，假设第一列为IP列
2025-10-13 11:34:16,391 - INFO - 未找到IP列，假设第一列为IP列
2025-10-13 11:34:16,391 - INFO - 未找到IP列，假设第一列为IP列
2025-10-13 11:34:16,391 - INFO - 未找到IP列，假设第一列为IP列
2025-10-13 11:34:16,391 - INFO - 未找到IP列，假设第一列为IP列
2025-10-13 11:34:16,391 - INFO - 未找到IP列，假设第一列为IP列
2025-10-13 11:34:16,392 - INFO - 未找到IP列，假设第一列为IP列
2025-10-13 11:34:16,392 - INFO - 未找到IP列，假设第一列为IP列
2025-10-13 11:34:16,392 - INFO - 未找到IP列，假设第一列为IP列
2025-10-13 11:34:16,392 - INFO - 未找到IP列，假设第一列为IP列
2025-10-13 11:34:16,392 - INFO - 未找到IP列，假设第一列为IP列
2025-10-13 11:34:16,392 - INFO - 未找到IP列，假设第一列为IP列
2025-10-13 11:34:16,392 - INFO - 未找到IP列，假设第一列为IP列
2025-10-13 11:34:16,392 - INFO - 未找到IP列，假设第一列为IP列
2025-10-13 11:34:16,392 - INFO - 未找到IP列，假设第一列为IP列
2025-10-13 11:34:16,392 - INFO - 未找到IP列，假设第一列为IP列
2025-10-13 11:34:16,392 - INFO - 未找到IP列，假设第一列为IP列
2025-10-13 11:34:16,392 - INFO - 未找到IP列，假设第一列为IP列
2025-10-13 11:34:16,392 - INFO - 未找到IP列，假设第一列为IP列
2025-10-13 11:34:16,393 - INFO - 未找到IP列，假设第一列为IP列
2025-10-13 11:34:16,393 - INFO - 未找到IP列，假设第一列为IP列
2025-10-13 11:34:16,393 - INFO - 未找到IP列，假设第一列为IP列
2025-10-13 11:34:16,393 - INFO - 未找到IP列，假设第一列为IP列
2025-10-13 11:34:16,393 - INFO - 未找到IP列，假设第一列为IP列
2025-10-13 11:34:16,393 - INFO - 未找到IP列，假设第一列为IP列
2025-10-13 11:34:16,393 - INFO - 未找到IP列，假设第一列为IP列
2025-10-13 11:34:16,393 - INFO - 未找到IP列，假设第一列为IP列
2025-10-13 11:34:16,393 - INFO - 未找到IP列，假设第一列为IP列
2025-10-13 11:34:16,393 - INFO - 未找到IP列，假设第一列为IP列
2025-10-13 11:34:16,393 - INFO - 未找到IP列，假设第一列为IP列
2025-10-13 11:34:16,393 - INFO - 未找到IP列，假设第一列为IP列
2025-10-13 11:34:16,393 - INFO - 未找到IP列，假设第一列为IP列
2025-10-13 11:34:16,394 - INFO - 未找到IP列，假设第一列为IP列
2025-10-13 11:34:16,394 - INFO - 未找到IP列，假设第一列为IP列
2025-10-13 11:34:16,394 - INFO - 未找到IP列，假设第一列为IP列
2025-10-13 11:34:16,394 - INFO - 未找到IP列，假设第一列为IP列
2025-10-13 11:34:16,394 - INFO - 未找到IP列，假设第一列为IP列
2025-10-13 11:34:16,394 - INFO - 未找到IP列，假设第一列为IP列
2025-10-13 11:34:16,394 - INFO - 未找到IP列，假设第一列为IP列
2025-10-13 11:34:16,394 - INFO - 未找到IP列，假设第一列为IP列
2025-10-13 11:34:16,394 - INFO - 未找到IP列，假设第一列为IP列
2025-10-13 11:34:16,394 - INFO - 未找到IP列，假设第一列为IP列
2025-10-13 11:34:16,394 - INFO - 未找到IP列，假设第一列为IP列
2025-10-13 11:34:16,394 - INFO - 未找到IP列，假设第一列为IP列
2025-10-13 11:34:16,394 - INFO - 未找到IP列，假设第一列为IP列
2025-10-13 11:34:16,395 - INFO - 未找到IP列，假设第一列为IP列
2025-10-13 11:34:16,395 - INFO - 未找到IP列，假设第一列为IP列
2025-10-13 11:34:16,395 - INFO - 未找到IP列，假设第一列为IP列
2025-10-13 11:34:16,395 - INFO - 未找到IP列，假设第一列为IP列
2025-10-13 11:34:16,395 - INFO - 未找到IP列，假设第一列为IP列
2025-10-13 11:34:16,395 - INFO - 未找到IP列，假设第一列为IP列
2025-10-13 11:34:16,395 - INFO - 未找到IP列，假设第一列为IP列
2025-10-13 11:34:16,395 - INFO - 未找到IP列，假设第一列为IP列
2025-10-13 11:34:16,395 - INFO - 未找到IP列，假设第一列为IP列
2025-10-13 11:34:16,395 - INFO - 未找到IP列，假设第一列为IP列
2025-10-13 11:34:16,395 - INFO - 未找到IP列，假设第一列为IP列
2025-10-13 11:34:16,395 - INFO - 未找到IP列，假设第一列为IP列
2025-10-13 11:34:16,395 - INFO - 未找到IP列，假设第一列为IP列
2025-10-13 11:34:16,395 - INFO - 未找到IP列，假设第一列为IP列
2025-10-13 11:34:16,396 - INFO - 未找到IP列，假设第一列为IP列
2025-10-13 11:34:16,396 - INFO - 未找到IP列，假设第一列为IP列
2025-10-13 11:34:16,396 - INFO - 未找到IP列，假设第一列为IP列
2025-10-13 11:34:16,396 - INFO - 未找到IP列，假设第一列为IP列
2025-10-13 11:34:16,396 - INFO - 未找到IP列，假设第一列为IP列
2025-10-13 11:34:16,396 - INFO - 未找到IP列，假设第一列为IP列
2025-10-13 11:34:16,396 - INFO - 未找到IP列，假设第一列为IP列
2025-10-13 11:34:16,396 - INFO - 未找到IP列，假设第一列为IP列
2025-10-13 11:34:16,396 - INFO - 未找到IP列，假设第一列为IP列
2025-10-13 11:34:16,396 - INFO - 未找到IP列，假设第一列为IP列
2025-10-13 11:34:16,396 - INFO - 未找到IP列，假设第一列为IP列
2025-10-13 11:34:16,396 - INFO - 未找到IP列，假设第一列为IP列
2025-10-13 11:34:16,396 - INFO - 未找到IP列，假设第一列为IP列
2025-10-13 11:34:16,397 - INFO - 未找到IP列，假设第一列为IP列
2025-10-13 11:34:16,397 - INFO - 未找到IP列，假设第一列为IP列
2025-10-13 11:34:16,397 - INFO - 未找到IP列，假设第一列为IP列
2025-10-13 11:34:16,397 - INFO - 未找到IP列，假设第一列为IP列
2025-10-13 11:34:16,397 - INFO - 未找到IP列，假设第一列为IP列
2025-10-13 11:34:16,397 - INFO - 未找到IP列，假设第一列为IP列
2025-10-13 11:34:16,397 - INFO - 未找到IP列，假设第一列为IP列
2025-10-13 11:34:16,397 - INFO - 未找到IP列，假设第一列为IP列
2025-10-13 11:34:16,397 - INFO - 未找到IP列，假设第一列为IP列
2025-10-13 11:34:16,397 - INFO - 未找到IP列，假设第一列为IP列
2025-10-13 11:34:16,397 - INFO - 未找到IP列，假设第一列为IP列
2025-10-13 11:34:16,397 - INFO - 未找到IP列，假设第一列为IP列
2025-10-13 11:34:16,397 - INFO - 未找到IP列，假设第一列为IP列
2025-10-13 11:34:16,398 - INFO - 未找到IP列，假设第一列为IP列
2025-10-13 11:34:16,398 - INFO - 未找到IP列，假设第一列为IP列
2025-10-13 11:34:16,398 - INFO - 未找到IP列，假设第一列为IP列
2025-10-13 11:34:16,398 - INFO - 未找到IP列，假设第一列为IP列
2025-10-13 11:34:16,398 - INFO - 未找到IP列，假设第一列为IP列
2025-10-13 11:34:16,398 - INFO - 未找到IP列，假设第一列为IP列
2025-10-13 11:34:16,398 - INFO - 未找到IP列，假设第一列为IP列
2025-10-13 11:34:16,398 - INFO - 未找到IP列，假设第一列为IP列
2025-10-13 11:34:16,398 - INFO - 未找到IP列，假设第一列为IP列
2025-10-13 11:34:16,398 - INFO - 未找到IP列，假设第一列为IP列
2025-10-13 11:34:16,398 - INFO - 未找到IP列，假设第一列为IP列
2025-10-13 11:34:16,398 - INFO - 未找到IP列，假设第一列为IP列
2025-10-13 11:34:16,398 - INFO - 未找到IP列，假设第一列为IP列
2025-10-13 11:34:16,398 - INFO - 未找到IP列，假设第一列为IP列
2025-10-13 11:34:16,399 - INFO - 未找到IP列，假设第一列为IP列
2025-10-13 11:34:16,399 - INFO - 未找到IP列，假设第一列为IP列
2025-10-13 11:34:16,399 - INFO - 未找到IP列，假设第一列为IP列
2025-10-13 11:34:16,399 - INFO - 未找到IP列，假设第一列为IP列
2025-10-13 11:34:16,399 - INFO - 未找到IP列，假设第一列为IP列
2025-10-13 11:34:16,399 - INFO - 未找到IP列，假设第一列为IP列
2025-10-13 11:34:16,399 - INFO - 未找到IP列，假设第一列为IP列
2025-10-13 11:34:16,399 - INFO - 未找到IP列，假设第一列为IP列
2025-10-13 11:34:16,399 - INFO - 未找到IP列，假设第一列为IP列
2025-10-13 11:34:16,399 - INFO - 未找到IP列，假设第一列为IP列
2025-10-13 11:34:16,399 - INFO - 未找到IP列，假设第一列为IP列
2025-10-13 11:34:16,399 - INFO - 未找到IP列，假设第一列为IP列
2025-10-13 11:34:16,399 - INFO - 未找到IP列，假设第一列为IP列
2025-10-13 11:34:16,400 - INFO - 未找到IP列，假设第一列为IP列
2025-10-13 11:34:16,400 - INFO - 未找到IP列，假设第一列为IP列
2025-10-13 11:34:16,400 - INFO - 未找到IP列，假设第一列为IP列
2025-10-13 11:34:16,400 - INFO - 未找到IP列，假设第一列为IP列
2025-10-13 11:34:16,400 - INFO - 未找到IP列，假设第一列为IP列
2025-10-13 11:34:16,400 - INFO - 未找到IP列，假设第一列为IP列
2025-10-13 11:34:16,400 - INFO - 未找到IP列，假设第一列为IP列
2025-10-13 11:34:16,400 - INFO - 未找到IP列，假设第一列为IP列
2025-10-13 11:34:16,400 - INFO - 未找到IP列，假设第一列为IP列
2025-10-13 11:34:16,400 - INFO - 未找到IP列，假设第一列为IP列
2025-10-13 11:34:16,400 - INFO - 未找到IP列，假设第一列为IP列
2025-10-13 11:34:16,400 - INFO - 未找到IP列，假设第一列为IP列
2025-10-13 11:34:16,400 - INFO - 未找到IP列，假设第一列为IP列
2025-10-13 11:34:16,401 - INFO - 未找到IP列，假设第一列为IP列
2025-10-13 11:34:16,401 - INFO - 未找到IP列，假设第一列为IP列
2025-10-13 11:34:16,401 - INFO - 未找到IP列，假设第一列为IP列
2025-10-13 11:34:16,401 - INFO - 未找到IP列，假设第一列为IP列
2025-10-13 11:34:16,401 - INFO - 未找到IP列，假设第一列为IP列
2025-10-13 11:34:16,401 - INFO - 未找到IP列，假设第一列为IP列
2025-10-13 11:34:16,401 - INFO - 未找到IP列，假设第一列为IP列
2025-10-13 11:34:16,401 - INFO - 未找到IP列，假设第一列为IP列
2025-10-13 11:34:16,401 - INFO - 未找到IP列，假设第一列为IP列
2025-10-13 11:34:16,401 - INFO - 未找到IP列，假设第一列为IP列
2025-10-13 11:34:16,401 - INFO - 未找到IP列，假设第一列为IP列
2025-10-13 11:34:16,401 - INFO - 未找到IP列，假设第一列为IP列
2025-10-13 11:34:16,401 - INFO - 未找到IP列，假设第一列为IP列
2025-10-13 11:34:16,402 - INFO - 未找到IP列，假设第一列为IP列
2025-10-13 11:34:16,402 - INFO - 未找到IP列，假设第一列为IP列
2025-10-13 11:34:16,402 - INFO - 未找到IP列，假设第一列为IP列
2025-10-13 11:34:16,402 - INFO - 未找到IP列，假设第一列为IP列
2025-10-13 11:34:16,402 - INFO - 未找到IP列，假设第一列为IP列
2025-10-13 11:34:16,402 - INFO - 未找到IP列，假设第一列为IP列
2025-10-13 11:34:16,402 - INFO - 未找到IP列，假设第一列为IP列
2025-10-13 11:34:16,402 - INFO - 未找到IP列，假设第一列为IP列
2025-10-13 11:34:16,402 - INFO - 未找到IP列，假设第一列为IP列
2025-10-13 11:34:16,402 - INFO - 未找到IP列，假设第一列为IP列
2025-10-13 11:34:16,402 - INFO - 未找到IP列，假设第一列为IP列
2025-10-13 11:34:16,402 - INFO - 未找到IP列，假设第一列为IP列
2025-10-13 11:34:16,403 - INFO - 未找到IP列，假设第一列为IP列
2025-10-13 11:34:16,403 - INFO - 未找到IP列，假设第一列为IP列
2025-10-13 11:34:16,403 - INFO - 未找到IP列，假设第一列为IP列
2025-10-13 11:34:16,403 - INFO - 未找到IP列，假设第一列为IP列
2025-10-13 11:34:16,403 - INFO - 未找到IP列，假设第一列为IP列
2025-10-13 11:34:16,403 - INFO - 未找到IP列，假设第一列为IP列
2025-10-13 11:34:16,403 - INFO - 未找到IP列，假设第一列为IP列
2025-10-13 11:34:16,403 - INFO - 未找到IP列，假设第一列为IP列
2025-10-13 11:34:16,403 - INFO - 未找到IP列，假设第一列为IP列
2025-10-13 11:34:16,403 - INFO - 未找到IP列，假设第一列为IP列
2025-10-13 11:34:16,403 - INFO - 未找到IP列，假设第一列为IP列
2025-10-13 11:34:16,403 - INFO - 未找到IP列，假设第一列为IP列
2025-10-13 11:34:16,403 - INFO - 未找到IP列，假设第一列为IP列
2025-10-13 11:34:16,403 - INFO - 未找到IP列，假设第一列为IP列
2025-10-13 11:34:16,404 - INFO - 未找到IP列，假设第一列为IP列
2025-10-13 11:34:16,404 - INFO - 未找到IP列，假设第一列为IP列
2025-10-13 11:34:16,404 - INFO - 未找到IP列，假设第一列为IP列
2025-10-13 11:34:16,404 - INFO - 未找到IP列，假设第一列为IP列
2025-10-13 11:34:16,404 - INFO - 未找到IP列，假设第一列为IP列
2025-10-13 11:34:16,404 - INFO - 未找到IP列，假设第一列为IP列
2025-10-13 11:34:16,404 - INFO - 未找到IP列，假设第一列为IP列
2025-10-13 11:34:16,404 - INFO - 未找到IP列，假设第一列为IP列
2025-10-13 11:34:16,404 - INFO - 未找到IP列，假设第一列为IP列
2025-10-13 11:34:16,404 - INFO - 未找到IP列，假设第一列为IP列
2025-10-13 11:34:16,404 - INFO - 未找到IP列，假设第一列为IP列
2025-10-13 11:34:16,404 - INFO - 未找到IP列，假设第一列为IP列
2025-10-13 11:34:16,404 - INFO - 未找到IP列，假设第一列为IP列
2025-10-13 11:34:16,405 - INFO - 未找到IP列，假设第一列为IP列
2025-10-13 11:34:16,405 - INFO - 未找到IP列，假设第一列为IP列
2025-10-13 11:34:16,405 - INFO - 未找到IP列，假设第一列为IP列
2025-10-13 11:34:16,405 - INFO - 未找到IP列，假设第一列为IP列
2025-10-13 11:34:16,405 - INFO - 未找到IP列，假设第一列为IP列
2025-10-13 11:34:16,405 - INFO - 未找到IP列，假设第一列为IP列
2025-10-13 11:34:16,405 - INFO - 未找到IP列，假设第一列为IP列
2025-10-13 11:34:16,405 - INFO - 未找到IP列，假设第一列为IP列
2025-10-13 11:34:16,405 - INFO - 未找到IP列，假设第一列为IP列
2025-10-13 11:34:16,405 - INFO - 未找到IP列，假设第一列为IP列
2025-10-13 11:34:16,405 - INFO - 未找到IP列，假设第一列为IP列
2025-10-13 11:34:16,405 - INFO - 未找到IP列，假设第一列为IP列
2025-10-13 11:34:16,405 - INFO - 未找到IP列，假设第一列为IP列
2025-10-13 11:34:16,406 - INFO - 未找到IP列，假设第一列为IP列
2025-10-13 11:34:16,406 - INFO - 未找到IP列，假设第一列为IP列
2025-10-13 11:34:16,406 - INFO - 未找到IP列，假设第一列为IP列
2025-10-13 11:34:16,406 - INFO - 未找到IP列，假设第一列为IP列
2025-10-13 11:34:16,406 - INFO - 未找到IP列，假设第一列为IP列
2025-10-13 11:34:16,406 - INFO - 未找到IP列，假设第一列为IP列
2025-10-13 11:34:16,406 - INFO - 未找到IP列，假设第一列为IP列
2025-10-13 11:34:16,406 - INFO - 未找到IP列，假设第一列为IP列
2025-10-13 11:34:16,406 - INFO - 未找到IP列，假设第一列为IP列
2025-10-13 11:34:16,406 - INFO - 未找到IP列，假设第一列为IP列
2025-10-13 11:34:16,406 - INFO - 未找到IP列，假设第一列为IP列
2025-10-13 11:34:16,406 - INFO - 未找到IP列，假设第一列为IP列
2025-10-13 11:34:16,406 - INFO - 未找到IP列，假设第一列为IP列
2025-10-13 11:34:16,407 - INFO - 未找到IP列，假设第一列为IP列
2025-10-13 11:34:16,407 - INFO - 未找到IP列，假设第一列为IP列
2025-10-13 11:34:16,407 - INFO - 未找到IP列，假设第一列为IP列
2025-10-13 11:34:16,407 - INFO - 未找到IP列，假设第一列为IP列
2025-10-13 11:34:16,407 - INFO - 未找到IP列，假设第一列为IP列
2025-10-13 11:34:16,407 - INFO - 未找到IP列，假设第一列为IP列
2025-10-13 11:34:16,407 - INFO - 未找到IP列，假设第一列为IP列
2025-10-13 11:34:16,407 - INFO - 未找到IP列，假设第一列为IP列
2025-10-13 11:34:16,407 - INFO - 未找到IP列，假设第一列为IP列
2025-10-13 11:34:16,407 - INFO - 未找到IP列，假设第一列为IP列
2025-10-13 11:34:16,407 - INFO - 未找到IP列，假设第一列为IP列
2025-10-13 11:34:16,407 - INFO - 未找到IP列，假设第一列为IP列
2025-10-13 11:34:16,407 - INFO - 未找到IP列，假设第一列为IP列
2025-10-13 11:34:16,408 - INFO - 未找到IP列，假设第一列为IP列
2025-10-13 11:34:16,408 - INFO - 未找到IP列，假设第一列为IP列
2025-10-13 11:34:16,408 - INFO - 未找到IP列，假设第一列为IP列
2025-10-13 11:34:16,408 - INFO - 未找到IP列，假设第一列为IP列
2025-10-13 11:34:16,408 - INFO - 未找到IP列，假设第一列为IP列
2025-10-13 11:34:16,408 - INFO - 未找到IP列，假设第一列为IP列
2025-10-13 11:34:16,408 - INFO - 未找到IP列，假设第一列为IP列
2025-10-13 11:34:16,408 - INFO - 未找到IP列，假设第一列为IP列
2025-10-13 11:34:16,408 - INFO - 未找到IP列，假设第一列为IP列
2025-10-13 11:34:16,408 - INFO - 未找到IP列，假设第一列为IP列
2025-10-13 11:34:16,408 - INFO - 未找到IP列，假设第一列为IP列
2025-10-13 11:34:16,408 - INFO - 未找到IP列，假设第一列为IP列
2025-10-13 11:34:16,408 - INFO - 未找到IP列，假设第一列为IP列
2025-10-13 11:34:16,409 - INFO - 未找到IP列，假设第一列为IP列
2025-10-13 11:34:16,409 - INFO - 未找到IP列，假设第一列为IP列
2025-10-13 11:34:16,409 - INFO - 未找到IP列，假设第一列为IP列
2025-10-13 11:34:16,409 - INFO - 未找到IP列，假设第一列为IP列
2025-10-13 11:34:16,409 - INFO - 未找到IP列，假设第一列为IP列
2025-10-13 11:34:16,409 - INFO - 未找到IP列，假设第一列为IP列
2025-10-13 11:34:16,409 - INFO - 未找到IP列，假设第一列为IP列
2025-10-13 11:34:16,409 - INFO - 未找到IP列，假设第一列为IP列
2025-10-13 11:34:16,409 - INFO - 未找到IP列，假设第一列为IP列
2025-10-13 11:34:16,409 - INFO - 未找到IP列，假设第一列为IP列
2025-10-13 11:34:16,409 - INFO - 未找到IP列，假设第一列为IP列
2025-10-13 11:34:16,409 - INFO - 未找到IP列，假设第一列为IP列
2025-10-13 11:34:16,409 - INFO - 未找到IP列，假设第一列为IP列
2025-10-13 11:34:16,410 - INFO - 未找到IP列，假设第一列为IP列
2025-10-13 11:34:16,410 - INFO - 未找到IP列，假设第一列为IP列
2025-10-13 11:34:16,410 - INFO - 未找到IP列，假设第一列为IP列
2025-10-13 11:34:16,410 - INFO - 未找到IP列，假设第一列为IP列
2025-10-13 11:34:16,410 - INFO - 未找到IP列，假设第一列为IP列
2025-10-13 11:34:16,410 - INFO - 未找到IP列，假设第一列为IP列
2025-10-13 11:34:16,410 - INFO - 未找到IP列，假设第一列为IP列
2025-10-13 11:34:16,410 - INFO - 未找到IP列，假设第一列为IP列
2025-10-13 11:34:16,410 - INFO - 未找到IP列，假设第一列为IP列
2025-10-13 11:34:16,410 - INFO - 未找到IP列，假设第一列为IP列
2025-10-13 11:34:16,410 - INFO - 未找到IP列，假设第一列为IP列
2025-10-13 11:34:16,410 - INFO - 未找到IP列，假设第一列为IP列
2025-10-13 11:34:16,410 - INFO - 未找到IP列，假设第一列为IP列
2025-10-13 11:34:16,410 - INFO - 未找到IP列，假设第一列为IP列
2025-10-13 11:34:16,411 - INFO - 未找到IP列，假设第一列为IP列
2025-10-13 11:34:16,411 - INFO - 未找到IP列，假设第一列为IP列
2025-10-13 11:34:16,411 - INFO - 未找到IP列，假设第一列为IP列
2025-10-13 11:34:16,411 - INFO - 未找到IP列，假设第一列为IP列
2025-10-13 11:34:16,411 - INFO - 未找到IP列，假设第一列为IP列
2025-10-13 11:34:16,411 - INFO - 未找到IP列，假设第一列为IP列
2025-10-13 11:34:16,411 - INFO - 未找到IP列，假设第一列为IP列
2025-10-13 11:34:16,411 - INFO - 未找到IP列，假设第一列为IP列
2025-10-13 11:34:16,411 - INFO - 未找到IP列，假设第一列为IP列
2025-10-13 11:34:16,411 - INFO - 未找到IP列，假设第一列为IP列
2025-10-13 11:34:16,411 - INFO - 未找到IP列，假设第一列为IP列
2025-10-13 11:34:16,411 - INFO - 未找到IP列，假设第一列为IP列
2025-10-13 11:34:16,411 - INFO - 未找到IP列，假设第一列为IP列
2025-10-13 11:34:16,412 - INFO - 未找到IP列，假设第一列为IP列
2025-10-13 11:34:16,412 - INFO - 未找到IP列，假设第一列为IP列
2025-10-13 11:34:16,412 - INFO - 未找到IP列，假设第一列为IP列
2025-10-13 11:34:16,412 - INFO - 未找到IP列，假设第一列为IP列
2025-10-13 11:34:16,412 - INFO - 未找到IP列，假设第一列为IP列
2025-10-13 11:34:16,412 - INFO - 未找到IP列，假设第一列为IP列
2025-10-13 11:34:16,412 - INFO - 未找到IP列，假设第一列为IP列
2025-10-13 11:34:16,412 - INFO - 未找到IP列，假设第一列为IP列
2025-10-13 11:34:16,412 - INFO - 未找到IP列，假设第一列为IP列
2025-10-13 11:34:16,412 - INFO - 未找到IP列，假设第一列为IP列
2025-10-13 11:34:16,412 - INFO - 未找到IP列，假设第一列为IP列
2025-10-13 11:34:16,412 - INFO - 未找到IP列，假设第一列为IP列
2025-10-13 11:34:16,412 - INFO - 未找到IP列，假设第一列为IP列
2025-10-13 11:34:16,413 - INFO - 未找到IP列，假设第一列为IP列
2025-10-13 11:34:16,413 - INFO - 未找到IP列，假设第一列为IP列
2025-10-13 11:34:16,413 - INFO - 未找到IP列，假设第一列为IP列
2025-10-13 11:34:16,413 - INFO - 未找到IP列，假设第一列为IP列
2025-10-13 11:34:16,413 - INFO - 未找到IP列，假设第一列为IP列
2025-10-13 11:34:16,413 - INFO - 未找到IP列，假设第一列为IP列
2025-10-13 11:34:16,413 - INFO - 未找到IP列，假设第一列为IP列
2025-10-13 11:34:16,413 - INFO - 未找到IP列，假设第一列为IP列
2025-10-13 11:34:16,413 - INFO - 未找到IP列，假设第一列为IP列
2025-10-13 11:34:16,413 - INFO - 未找到IP列，假设第一列为IP列
2025-10-13 11:34:16,413 - INFO - 未找到IP列，假设第一列为IP列
2025-10-13 11:34:16,413 - INFO - 未找到IP列，假设第一列为IP列
2025-10-13 11:34:16,413 - INFO - 未找到IP列，假设第一列为IP列
2025-10-13 11:34:16,413 - INFO - 未找到IP列，假设第一列为IP列
2025-10-13 11:34:16,414 - INFO - 未找到IP列，假设第一列为IP列
2025-10-13 11:34:16,414 - INFO - 未找到IP列，假设第一列为IP列
2025-10-13 11:34:16,414 - INFO - 未找到IP列，假设第一列为IP列
2025-10-13 11:34:16,414 - INFO - 未找到IP列，假设第一列为IP列
2025-10-13 11:34:16,414 - INFO - 未找到IP列，假设第一列为IP列
2025-10-13 11:34:16,414 - INFO - 未找到IP列，假设第一列为IP列
2025-10-13 11:34:16,414 - INFO - 未找到IP列，假设第一列为IP列
2025-10-13 11:34:16,414 - INFO - 未找到IP列，假设第一列为IP列
2025-10-13 11:34:16,414 - INFO - 未找到IP列，假设第一列为IP列
2025-10-13 11:34:16,414 - INFO - 未找到IP列，假设第一列为IP列
2025-10-13 11:34:16,414 - INFO - 未找到IP列，假设第一列为IP列
2025-10-13 11:34:16,414 - INFO - 未找到IP列，假设第一列为IP列
2025-10-13 11:34:16,414 - INFO - 未找到IP列，假设第一列为IP列
2025-10-13 11:34:16,415 - INFO - 未找到IP列，假设第一列为IP列
2025-10-13 11:34:16,415 - INFO - 未找到IP列，假设第一列为IP列
2025-10-13 11:34:16,415 - INFO - 未找到IP列，假设第一列为IP列
2025-10-13 11:34:16,415 - INFO - 未找到IP列，假设第一列为IP列
2025-10-13 11:34:16,415 - INFO - 未找到IP列，假设第一列为IP列
2025-10-13 11:34:16,415 - INFO - 未找到IP列，假设第一列为IP列
2025-10-13 11:34:16,415 - INFO - 未找到IP列，假设第一列为IP列
2025-10-13 11:34:16,415 - INFO - 未找到IP列，假设第一列为IP列
2025-10-13 11:34:16,415 - INFO - 未找到IP列，假设第一列为IP列
2025-10-13 11:34:16,415 - INFO - 未找到IP列，假设第一列为IP列
2025-10-13 11:34:16,415 - INFO - 未找到IP列，假设第一列为IP列
2025-10-13 11:34:16,415 - INFO - 未找到IP列，假设第一列为IP列
2025-10-13 11:34:16,415 - INFO - 未找到IP列，假设第一列为IP列
2025-10-13 11:34:16,415 - INFO - 未找到IP列，假设第一列为IP列
2025-10-13 11:34:16,416 - INFO - 未找到IP列，假设第一列为IP列
2025-10-13 11:34:16,416 - INFO - 未找到IP列，假设第一列为IP列
2025-10-13 11:34:16,416 - INFO - 未找到IP列，假设第一列为IP列
2025-10-13 11:34:16,416 - INFO - 未找到IP列，假设第一列为IP列
2025-10-13 11:34:16,416 - INFO - 未找到IP列，假设第一列为IP列
2025-10-13 11:34:16,416 - INFO - 未找到IP列，假设第一列为IP列
2025-10-13 11:34:16,416 - INFO - 未找到IP列，假设第一列为IP列
2025-10-13 11:34:16,416 - INFO - 未找到IP列，假设第一列为IP列
2025-10-13 11:34:16,416 - INFO - 未找到IP列，假设第一列为IP列
2025-10-13 11:34:16,416 - INFO - 未找到IP列，假设第一列为IP列
2025-10-13 11:34:16,416 - INFO - 未找到IP列，假设第一列为IP列
2025-10-13 11:34:16,416 - INFO - 未找到IP列，假设第一列为IP列
2025-10-13 11:34:16,416 - INFO - 未找到IP列，假设第一列为IP列
2025-10-13 11:34:16,416 - INFO - 未找到IP列，假设第一列为IP列
2025-10-13 11:34:16,417 - INFO - 未找到IP列，假设第一列为IP列
2025-10-13 11:34:16,417 - INFO - 未找到IP列，假设第一列为IP列
2025-10-13 11:34:16,417 - INFO - 未找到IP列，假设第一列为IP列
2025-10-13 11:34:16,417 - INFO - 未找到IP列，假设第一列为IP列
2025-10-13 11:34:16,417 - INFO - 未找到IP列，假设第一列为IP列
2025-10-13 11:34:16,417 - INFO - 未找到IP列，假设第一列为IP列
2025-10-13 11:34:16,417 - INFO - 未找到IP列，假设第一列为IP列
2025-10-13 11:34:16,417 - INFO - 未找到IP列，假设第一列为IP列
2025-10-13 11:34:16,417 - INFO - 未找到IP列，假设第一列为IP列
2025-10-13 11:34:16,417 - INFO - 未找到IP列，假设第一列为IP列
2025-10-13 11:34:16,417 - INFO - 未找到IP列，假设第一列为IP列
2025-10-13 11:34:16,417 - INFO - 未找到IP列，假设第一列为IP列
2025-10-13 11:34:16,417 - INFO - 未找到IP列，假设第一列为IP列
2025-10-13 11:34:16,418 - INFO - 未找到IP列，假设第一列为IP列
2025-10-13 11:34:16,418 - INFO - 未找到IP列，假设第一列为IP列
2025-10-13 11:34:16,418 - INFO - 未找到IP列，假设第一列为IP列
2025-10-13 11:34:16,418 - INFO - 未找到IP列，假设第一列为IP列
2025-10-13 11:34:16,418 - INFO - 未找到IP列，假设第一列为IP列
2025-10-13 11:34:16,418 - INFO - 未找到IP列，假设第一列为IP列
2025-10-13 11:34:16,418 - INFO - 未找到IP列，假设第一列为IP列
2025-10-13 11:34:16,418 - INFO - 未找到IP列，假设第一列为IP列
2025-10-13 11:34:16,418 - INFO - 未找到IP列，假设第一列为IP列
2025-10-13 11:34:16,418 - INFO - 未找到IP列，假设第一列为IP列
2025-10-13 11:34:16,418 - INFO - 未找到IP列，假设第一列为IP列
2025-10-13 11:34:16,418 - INFO - 未找到IP列，假设第一列为IP列
2025-10-13 11:34:16,418 - INFO - 未找到IP列，假设第一列为IP列
2025-10-13 11:34:16,419 - INFO - 未找到IP列，假设第一列为IP列
2025-10-13 11:34:16,419 - INFO - 未找到IP列，假设第一列为IP列
2025-10-13 11:34:16,419 - INFO - 未找到IP列，假设第一列为IP列
2025-10-13 11:34:16,419 - INFO - 未找到IP列，假设第一列为IP列
2025-10-13 11:34:16,419 - INFO - 未找到IP列，假设第一列为IP列
2025-10-13 11:34:16,419 - INFO - 未找到IP列，假设第一列为IP列
2025-10-13 11:34:16,419 - INFO - 未找到IP列，假设第一列为IP列
2025-10-13 11:34:16,419 - INFO - 未找到IP列，假设第一列为IP列
2025-10-13 11:34:16,419 - INFO - 未找到IP列，假设第一列为IP列
2025-10-13 11:34:16,419 - INFO - 未找到IP列，假设第一列为IP列
2025-10-13 11:34:16,419 - INFO - 未找到IP列，假设第一列为IP列
2025-10-13 11:34:16,419 - INFO - 未找到IP列，假设第一列为IP列
2025-10-13 11:34:16,419 - INFO - 未找到IP列，假设第一列为IP列
2025-10-13 11:34:16,420 - INFO - 未找到IP列，假设第一列为IP列
2025-10-13 11:34:16,420 - INFO - 未找到IP列，假设第一列为IP列
2025-10-13 11:34:16,420 - INFO - 未找到IP列，假设第一列为IP列
2025-10-13 11:34:16,420 - INFO - 未找到IP列，假设第一列为IP列
2025-10-13 11:34:16,420 - INFO - 未找到IP列，假设第一列为IP列
2025-10-13 11:34:16,420 - INFO - 未找到IP列，假设第一列为IP列
2025-10-13 11:34:16,420 - INFO - 未找到IP列，假设第一列为IP列
2025-10-13 11:34:16,420 - INFO - 未找到IP列，假设第一列为IP列
2025-10-13 11:34:16,420 - INFO - 未找到IP列，假设第一列为IP列
2025-10-13 11:34:16,420 - INFO - 未找到IP列，假设第一列为IP列
2025-10-13 11:34:16,420 - INFO - 未找到IP列，假设第一列为IP列
2025-10-13 11:34:16,420 - INFO - 未找到IP列，假设第一列为IP列
2025-10-13 11:34:16,420 - INFO - 未找到IP列，假设第一列为IP列
2025-10-13 11:34:16,420 - INFO - 未找到IP列，假设第一列为IP列
2025-10-13 11:34:16,421 - INFO - 未找到IP列，假设第一列为IP列
2025-10-13 11:34:16,421 - INFO - 未找到IP列，假设第一列为IP列
2025-10-13 11:34:16,421 - INFO - 未找到IP列，假设第一列为IP列
2025-10-13 11:34:16,421 - INFO - 未找到IP列，假设第一列为IP列
2025-10-13 11:34:16,421 - INFO - 未找到IP列，假设第一列为IP列
2025-10-13 11:34:16,421 - INFO - 未找到IP列，假设第一列为IP列
2025-10-13 11:34:16,421 - INFO - 未找到IP列，假设第一列为IP列
2025-10-13 11:34:16,421 - INFO - 未找到IP列，假设第一列为IP列
2025-10-13 11:34:16,421 - INFO - 未找到IP列，假设第一列为IP列
2025-10-13 11:34:16,421 - INFO - 未找到IP列，假设第一列为IP列
2025-10-13 11:34:16,421 - INFO - 未找到IP列，假设第一列为IP列
2025-10-13 11:34:16,421 - INFO - 未找到IP列，假设第一列为IP列
2025-10-13 11:34:16,421 - INFO - 未找到IP列，假设第一列为IP列
2025-10-13 11:34:16,421 - INFO - 未找到IP列，假设第一列为IP列
2025-10-13 11:34:16,421 - INFO - 未找到IP列，假设第一列为IP列
2025-10-13 11:34:16,422 - INFO - 未找到IP列，假设第一列为IP列
2025-10-13 11:34:16,422 - INFO - 未找到IP列，假设第一列为IP列
2025-10-13 11:34:16,422 - INFO - 未找到IP列，假设第一列为IP列
2025-10-13 11:34:16,422 - INFO - 未找到IP列，假设第一列为IP列
2025-10-13 11:34:16,422 - INFO - 未找到IP列，假设第一列为IP列
2025-10-13 11:34:16,422 - INFO - 未找到IP列，假设第一列为IP列
2025-10-13 11:34:16,422 - INFO - 未找到IP列，假设第一列为IP列
2025-10-13 11:34:16,422 - INFO - 未找到IP列，假设第一列为IP列
2025-10-13 11:34:16,422 - INFO - 未找到IP列，假设第一列为IP列
2025-10-13 11:34:16,422 - INFO - 未找到IP列，假设第一列为IP列
2025-10-13 11:34:16,422 - INFO - 未找到IP列，假设第一列为IP列
2025-10-13 11:34:16,422 - INFO - 未找到IP列，假设第一列为IP列
2025-10-13 11:34:16,422 - INFO - 未找到IP列，假设第一列为IP列
2025-10-13 11:34:16,422 - INFO - 未找到IP列，假设第一列为IP列
2025-10-13 11:34:16,422 - INFO - 未找到IP列，假设第一列为IP列
2025-10-13 11:34:16,423 - INFO - 未找到IP列，假设第一列为IP列
2025-10-13 11:34:16,423 - INFO - 未找到IP列，假设第一列为IP列
2025-10-13 11:34:16,423 - INFO - 未找到IP列，假设第一列为IP列
2025-10-13 11:34:16,423 - INFO - 未找到IP列，假设第一列为IP列
2025-10-13 11:34:16,423 - INFO - 未找到IP列，假设第一列为IP列
2025-10-13 11:34:16,423 - INFO - 未找到IP列，假设第一列为IP列
2025-10-13 11:34:16,423 - INFO - 未找到IP列，假设第一列为IP列
2025-10-13 11:34:16,423 - INFO - 未找到IP列，假设第一列为IP列
2025-10-13 11:34:16,423 - INFO - 未找到IP列，假设第一列为IP列
2025-10-13 11:34:16,423 - INFO - 未找到IP列，假设第一列为IP列
2025-10-13 11:34:16,423 - INFO - 未找到IP列，假设第一列为IP列
2025-10-13 11:34:16,423 - INFO - 未找到IP列，假设第一列为IP列
2025-10-13 11:34:16,423 - INFO - 未找到IP列，假设第一列为IP列
2025-10-13 11:34:16,423 - INFO - 未找到IP列，假设第一列为IP列
2025-10-13 11:34:16,423 - INFO - 未找到IP列，假设第一列为IP列
2025-10-13 11:34:16,424 - INFO - 未找到IP列，假设第一列为IP列
2025-10-13 11:34:16,424 - INFO - 未找到IP列，假设第一列为IP列
2025-10-13 11:34:16,424 - INFO - 未找到IP列，假设第一列为IP列
2025-10-13 11:34:16,424 - INFO - 未找到IP列，假设第一列为IP列
2025-10-13 11:34:16,424 - INFO - 未找到IP列，假设第一列为IP列
2025-10-13 11:34:16,424 - INFO - 未找到IP列，假设第一列为IP列
2025-10-13 11:34:16,424 - INFO - 未找到IP列，假设第一列为IP列
2025-10-13 11:34:16,424 - INFO - 未找到IP列，假设第一列为IP列
2025-10-13 11:34:16,424 - INFO - 未找到IP列，假设第一列为IP列
2025-10-13 11:34:16,424 - INFO - 未找到IP列，假设第一列为IP列
2025-10-13 11:34:16,424 - INFO - 未找到IP列，假设第一列为IP列
2025-10-13 11:34:16,424 - INFO - 未找到IP列，假设第一列为IP列
2025-10-13 11:34:16,424 - INFO - 未找到IP列，假设第一列为IP列
2025-10-13 11:34:16,424 - INFO - 未找到IP列，假设第一列为IP列
2025-10-13 11:34:16,424 - INFO - 未找到IP列，假设第一列为IP列
2025-10-13 11:34:16,425 - INFO - 未找到IP列，假设第一列为IP列
2025-10-13 11:34:16,425 - INFO - 未找到IP列，假设第一列为IP列
2025-10-13 11:34:16,425 - INFO - 未找到IP列，假设第一列为IP列
2025-10-13 11:34:16,425 - INFO - 未找到IP列，假设第一列为IP列
2025-10-13 11:34:16,425 - INFO - 未找到IP列，假设第一列为IP列
2025-10-13 11:34:16,425 - INFO - 未找到IP列，假设第一列为IP列
2025-10-13 11:34:16,425 - INFO - 未找到IP列，假设第一列为IP列
2025-10-13 11:34:16,425 - INFO - 未找到IP列，假设第一列为IP列
2025-10-13 11:34:16,425 - INFO - 未找到IP列，假设第一列为IP列
2025-10-13 11:34:16,425 - INFO - 未找到IP列，假设第一列为IP列
2025-10-13 11:34:16,425 - INFO - 未找到IP列，假设第一列为IP列
2025-10-13 11:34:16,425 - INFO - 未找到IP列，假设第一列为IP列
2025-10-13 11:34:16,425 - INFO - 未找到IP列，假设第一列为IP列
2025-10-13 11:34:16,425 - INFO - 未找到IP列，假设第一列为IP列
2025-10-13 11:34:16,425 - INFO - 未找到IP列，假设第一列为IP列
2025-10-13 11:34:16,426 - INFO - 未找到IP列，假设第一列为IP列
2025-10-13 11:34:16,426 - INFO - 未找到IP列，假设第一列为IP列
2025-10-13 11:34:16,426 - INFO - 未找到IP列，假设第一列为IP列
2025-10-13 11:34:16,426 - INFO - 未找到IP列，假设第一列为IP列
2025-10-13 11:34:16,426 - INFO - 未找到IP列，假设第一列为IP列
2025-10-13 11:34:16,426 - INFO - 未找到IP列，假设第一列为IP列
2025-10-13 11:34:16,426 - INFO - 未找到IP列，假设第一列为IP列
2025-10-13 11:34:16,426 - INFO - 未找到IP列，假设第一列为IP列
2025-10-13 11:34:16,426 - INFO - 未找到IP列，假设第一列为IP列
2025-10-13 11:34:16,426 - INFO - 未找到IP列，假设第一列为IP列
2025-10-13 11:34:16,426 - INFO - 未找到IP列，假设第一列为IP列
2025-10-13 11:34:16,426 - INFO - 未找到IP列，假设第一列为IP列
2025-10-13 11:34:16,426 - INFO - 未找到IP列，假设第一列为IP列
2025-10-13 11:34:16,426 - INFO - 未找到IP列，假设第一列为IP列
2025-10-13 11:34:16,426 - INFO - 未找到IP列，假设第一列为IP列
2025-10-13 11:34:16,427 - INFO - 未找到IP列，假设第一列为IP列
2025-10-13 11:34:16,427 - INFO - 未找到IP列，假设第一列为IP列
2025-10-13 11:34:16,427 - INFO - 未找到IP列，假设第一列为IP列
2025-10-13 11:34:16,427 - INFO - 未找到IP列，假设第一列为IP列
2025-10-13 11:34:16,427 - INFO - 未找到IP列，假设第一列为IP列
2025-10-13 11:34:16,427 - INFO - 未找到IP列，假设第一列为IP列
2025-10-13 11:34:16,427 - INFO - 未找到IP列，假设第一列为IP列
2025-10-13 11:34:16,427 - INFO - 未找到IP列，假设第一列为IP列
2025-10-13 11:34:16,427 - INFO - 未找到IP列，假设第一列为IP列
2025-10-13 11:34:16,427 - INFO - 未找到IP列，假设第一列为IP列
2025-10-13 11:34:16,427 - INFO - 未找到IP列，假设第一列为IP列
2025-10-13 11:34:16,427 - INFO - 未找到IP列，假设第一列为IP列
2025-10-13 11:34:16,427 - INFO - 未找到IP列，假设第一列为IP列
2025-10-13 11:34:16,427 - INFO - 未找到IP列，假设第一列为IP列
2025-10-13 11:34:16,427 - INFO - 未找到IP列，假设第一列为IP列
2025-10-13 11:34:16,428 - INFO - 未找到IP列，假设第一列为IP列
2025-10-13 11:34:16,428 - INFO - 未找到IP列，假设第一列为IP列
2025-10-13 11:34:16,428 - INFO - 未找到IP列，假设第一列为IP列
2025-10-13 11:34:16,428 - INFO - 未找到IP列，假设第一列为IP列
2025-10-13 11:34:16,428 - INFO - 未找到IP列，假设第一列为IP列
2025-10-13 11:34:16,428 - INFO - 未找到IP列，假设第一列为IP列
2025-10-13 11:34:16,428 - INFO - 未找到IP列，假设第一列为IP列
2025-10-13 11:34:16,428 - INFO - 未找到IP列，假设第一列为IP列
2025-10-13 11:34:16,428 - INFO - 未找到IP列，假设第一列为IP列
2025-10-13 11:34:16,428 - INFO - 未找到IP列，假设第一列为IP列
2025-10-13 11:34:16,428 - INFO - 未找到IP列，假设第一列为IP列
2025-10-13 11:34:16,428 - INFO - 未找到IP列，假设第一列为IP列
2025-10-13 11:34:16,428 - INFO - 未找到IP列，假设第一列为IP列
2025-10-13 11:34:16,428 - INFO - 未找到IP列，假设第一列为IP列
2025-10-13 11:34:16,428 - INFO - 未找到IP列，假设第一列为IP列
2025-10-13 11:34:16,429 - INFO - 未找到IP列，假设第一列为IP列
2025-10-13 11:34:16,429 - INFO - 未找到IP列，假设第一列为IP列
2025-10-13 11:34:16,429 - INFO - 未找到IP列，假设第一列为IP列
2025-10-13 11:34:16,429 - INFO - 未找到IP列，假设第一列为IP列
2025-10-13 11:34:16,429 - INFO - 未找到IP列，假设第一列为IP列
2025-10-13 11:34:16,429 - INFO - 未找到IP列，假设第一列为IP列
2025-10-13 11:34:16,429 - INFO - 未找到IP列，假设第一列为IP列
2025-10-13 11:34:16,429 - INFO - 未找到IP列，假设第一列为IP列
2025-10-13 11:34:16,429 - INFO - 未找到IP列，假设第一列为IP列
2025-10-13 11:34:16,429 - INFO - 未找到IP列，假设第一列为IP列
2025-10-13 11:34:16,429 - INFO - 未找到IP列，假设第一列为IP列
2025-10-13 11:34:16,429 - INFO - 未找到IP列，假设第一列为IP列
2025-10-13 11:34:16,429 - INFO - 未找到IP列，假设第一列为IP列
2025-10-13 11:34:16,429 - INFO - 未找到IP列，假设第一列为IP列
2025-10-13 11:34:16,429 - INFO - 未找到IP列，假设第一列为IP列
2025-10-13 11:34:16,430 - INFO - 未找到IP列，假设第一列为IP列
2025-10-13 11:34:16,430 - INFO - 未找到IP列，假设第一列为IP列
2025-10-13 11:34:16,430 - INFO - 未找到IP列，假设第一列为IP列
2025-10-13 11:34:16,430 - INFO - 未找到IP列，假设第一列为IP列
2025-10-13 11:34:16,430 - INFO - 未找到IP列，假设第一列为IP列
2025-10-13 11:34:16,430 - INFO - 未找到IP列，假设第一列为IP列
2025-10-13 11:34:16,430 - INFO - 未找到IP列，假设第一列为IP列
2025-10-13 11:34:16,430 - INFO - 未找到IP列，假设第一列为IP列
2025-10-13 11:34:16,430 - INFO - 未找到IP列，假设第一列为IP列
2025-10-13 11:34:16,430 - INFO - 未找到IP列，假设第一列为IP列
2025-10-13 11:34:16,430 - INFO - 未找到IP列，假设第一列为IP列
2025-10-13 11:34:16,430 - INFO - 未找到IP列，假设第一列为IP列
2025-10-13 11:34:16,430 - INFO - 未找到IP列，假设第一列为IP列
2025-10-13 11:34:16,430 - INFO - 未找到IP列，假设第一列为IP列
2025-10-13 11:34:16,430 - INFO - 未找到IP列，假设第一列为IP列
2025-10-13 11:34:16,430 - INFO - 未找到IP列，假设第一列为IP列
2025-10-13 11:34:16,431 - INFO - 未找到IP列，假设第一列为IP列
2025-10-13 11:34:16,431 - INFO - 未找到IP列，假设第一列为IP列
2025-10-13 11:34:16,431 - INFO - 未找到IP列，假设第一列为IP列
2025-10-13 11:34:16,431 - INFO - 未找到IP列，假设第一列为IP列
2025-10-13 11:34:16,431 - INFO - 未找到IP列，假设第一列为IP列
2025-10-13 11:34:16,431 - INFO - 未找到IP列，假设第一列为IP列
2025-10-13 11:34:16,431 - INFO - 未找到IP列，假设第一列为IP列
2025-10-13 11:34:16,431 - INFO - 未找到IP列，假设第一列为IP列
2025-10-13 11:34:16,431 - INFO - 未找到IP列，假设第一列为IP列
2025-10-13 11:34:16,431 - INFO - 未找到IP列，假设第一列为IP列
2025-10-13 11:34:16,431 - INFO - 未找到IP列，假设第一列为IP列
2025-10-13 11:34:16,431 - INFO - 未找到IP列，假设第一列为IP列
2025-10-13 11:34:16,431 - INFO - 未找到IP列，假设第一列为IP列
2025-10-13 11:34:16,431 - INFO - 未找到IP列，假设第一列为IP列
2025-10-13 11:34:16,431 - INFO - 未找到IP列，假设第一列为IP列
2025-10-13 11:34:16,432 - INFO - 未找到IP列，假设第一列为IP列
2025-10-13 11:34:16,432 - INFO - 未找到IP列，假设第一列为IP列
2025-10-13 11:34:16,432 - INFO - 未找到IP列，假设第一列为IP列
2025-10-13 11:34:16,432 - INFO - 未找到IP列，假设第一列为IP列
2025-10-13 11:34:16,432 - INFO - 未找到IP列，假设第一列为IP列
2025-10-13 11:34:16,432 - INFO - 未找到IP列，假设第一列为IP列
2025-10-13 11:34:16,432 - INFO - 未找到IP列，假设第一列为IP列
2025-10-13 11:34:16,432 - INFO - 未找到IP列，假设第一列为IP列
2025-10-13 11:34:16,432 - INFO - 未找到IP列，假设第一列为IP列
2025-10-13 11:34:16,432 - INFO - 未找到IP列，假设第一列为IP列
2025-10-13 11:34:16,432 - INFO - 未找到IP列，假设第一列为IP列
2025-10-13 11:34:16,432 - INFO - 未找到IP列，假设第一列为IP列
2025-10-13 11:34:16,432 - INFO - 未找到IP列，假设第一列为IP列
2025-10-13 11:34:16,432 - INFO - 未找到IP列，假设第一列为IP列
2025-10-13 11:34:16,433 - INFO - 未找到IP列，假设第一列为IP列
2025-10-13 11:34:16,433 - INFO - 未找到IP列，假设第一列为IP列
2025-10-13 11:34:16,433 - INFO - 未找到IP列，假设第一列为IP列
2025-10-13 11:34:16,433 - INFO - 未找到IP列，假设第一列为IP列
2025-10-13 11:34:16,433 - INFO - 未找到IP列，假设第一列为IP列
2025-10-13 11:34:16,433 - INFO - 未找到IP列，假设第一列为IP列
2025-10-13 11:34:16,433 - INFO - 未找到IP列，假设第一列为IP列
2025-10-13 11:34:16,433 - INFO - 未找到IP列，假设第一列为IP列
2025-10-13 11:34:16,433 - INFO - 未找到IP列，假设第一列为IP列
2025-10-13 11:34:16,433 - INFO - 未找到IP列，假设第一列为IP列
2025-10-13 11:34:16,433 - INFO - 未找到IP列，假设第一列为IP列
2025-10-13 11:34:16,433 - INFO - 未找到IP列，假设第一列为IP列
2025-10-13 11:34:16,433 - INFO - 未找到IP列，假设第一列为IP列
2025-10-13 11:34:16,433 - INFO - 未找到IP列，假设第一列为IP列
2025-10-13 11:34:16,434 - INFO - 未找到IP列，假设第一列为IP列
2025-10-13 11:34:16,434 - INFO - 未找到IP列，假设第一列为IP列
2025-10-13 11:34:16,434 - INFO - 未找到IP列，假设第一列为IP列
2025-10-13 11:34:16,434 - INFO - 未找到IP列，假设第一列为IP列
2025-10-13 11:34:16,434 - INFO - 未找到IP列，假设第一列为IP列
2025-10-13 11:34:16,434 - INFO - 未找到IP列，假设第一列为IP列
2025-10-13 11:34:16,434 - INFO - 未找到IP列，假设第一列为IP列
2025-10-13 11:34:16,434 - INFO - 未找到IP列，假设第一列为IP列
2025-10-13 11:34:16,434 - INFO - 未找到IP列，假设第一列为IP列
2025-10-13 11:34:16,434 - INFO - 未找到IP列，假设第一列为IP列
2025-10-13 11:34:16,434 - INFO - 未找到IP列，假设第一列为IP列
2025-10-13 11:34:16,434 - INFO - 未找到IP列，假设第一列为IP列
2025-10-13 11:34:16,434 - INFO - 未找到IP列，假设第一列为IP列
2025-10-13 11:34:16,434 - INFO - 未找到IP列，假设第一列为IP列
2025-10-13 11:34:16,434 - INFO - 未找到IP列，假设第一列为IP列
2025-10-13 11:34:16,435 - INFO - 未找到IP列，假设第一列为IP列
2025-10-13 11:34:16,435 - INFO - 未找到IP列，假设第一列为IP列
2025-10-13 11:34:16,435 - INFO - 未找到IP列，假设第一列为IP列
2025-10-13 11:34:16,435 - INFO - 未找到IP列，假设第一列为IP列
2025-10-13 11:34:16,435 - INFO - 未找到IP列，假设第一列为IP列
2025-10-13 11:34:16,435 - INFO - 未找到IP列，假设第一列为IP列
2025-10-13 11:34:16,435 - INFO - 未找到IP列，假设第一列为IP列
2025-10-13 11:34:16,435 - INFO - 未找到IP列，假设第一列为IP列
2025-10-13 11:34:16,435 - INFO - 未找到IP列，假设第一列为IP列
2025-10-13 11:34:16,435 - INFO - 未找到IP列，假设第一列为IP列
2025-10-13 11:34:16,435 - INFO - 未找到IP列，假设第一列为IP列
2025-10-13 11:34:16,435 - INFO - 未找到IP列，假设第一列为IP列
2025-10-13 11:34:16,435 - INFO - 未找到IP列，假设第一列为IP列
2025-10-13 11:34:16,435 - INFO - 未找到IP列，假设第一列为IP列
2025-10-13 11:34:16,435 - INFO - 未找到IP列，假设第一列为IP列
2025-10-13 11:34:16,435 - INFO - 未找到IP列，假设第一列为IP列
2025-10-13 11:34:16,435 - INFO - 未找到IP列，假设第一列为IP列
2025-10-13 11:34:16,435 - INFO - 未找到IP列，假设第一列为IP列
2025-10-13 11:34:16,435 - INFO - 未找到IP列，假设第一列为IP列
2025-10-13 11:34:16,435 - INFO - 未找到IP列，假设第一列为IP列
2025-10-13 11:34:16,435 - INFO - 未找到IP列，假设第一列为IP列
2025-10-13 11:34:16,435 - INFO - 未找到IP列，假设第一列为IP列
2025-10-13 11:34:16,435 - INFO - 未找到IP列，假设第一列为IP列
2025-10-13 11:34:16,435 - INFO - 未找到IP列，假设第一列为IP列
2025-10-13 11:34:16,436 - INFO - 未找到IP列，假设第一列为IP列
2025-10-13 11:34:16,436 - INFO - 未找到IP列，假设第一列为IP列
2025-10-13 11:34:16,436 - INFO - 未找到IP列，假设第一列为IP列
2025-10-13 11:34:16,436 - INFO - 未找到IP列，假设第一列为IP列
2025-10-13 11:34:16,436 - INFO - 未找到IP列，假设第一列为IP列
2025-10-13 11:34:16,436 - INFO - 未找到IP列，假设第一列为IP列
2025-10-13 11:34:16,436 - INFO - 未找到IP列，假设第一列为IP列
2025-10-13 11:34:16,436 - INFO - 未找到IP列，假设第一列为IP列
2025-10-13 11:34:16,436 - INFO - 未找到IP列，假设第一列为IP列
2025-10-13 11:34:16,436 - INFO - 未找到IP列，假设第一列为IP列
2025-10-13 11:34:16,436 - INFO - 未找到IP列，假设第一列为IP列
2025-10-13 11:34:16,436 - INFO - 未找到IP列，假设第一列为IP列
2025-10-13 11:34:16,436 - INFO - 未找到IP列，假设第一列为IP列
2025-10-13 11:34:16,436 - INFO - 未找到IP列，假设第一列为IP列
2025-10-13 11:34:16,436 - INFO - 未找到IP列，假设第一列为IP列
2025-10-13 11:34:16,436 - INFO - 未找到IP列，假设第一列为IP列
2025-10-13 11:34:16,436 - INFO - 未找到IP列，假设第一列为IP列
2025-10-13 11:34:16,436 - INFO - 未找到IP列，假设第一列为IP列
2025-10-13 11:34:16,436 - INFO - 未找到IP列，假设第一列为IP列
2025-10-13 11:34:16,436 - INFO - 未找到IP列，假设第一列为IP列
2025-10-13 11:34:16,436 - INFO - 未找到IP列，假设第一列为IP列
2025-10-13 11:34:16,436 - INFO - 未找到IP列，假设第一列为IP列
2025-10-13 11:34:16,436 - INFO - 未找到IP列，假设第一列为IP列
2025-10-13 11:34:16,437 - INFO - 未找到IP列，假设第一列为IP列
2025-10-13 11:34:16,437 - INFO - 未找到IP列，假设第一列为IP列
2025-10-13 11:34:16,437 - INFO - 未找到IP列，假设第一列为IP列
2025-10-13 11:34:16,437 - INFO - 未找到IP列，假设第一列为IP列
2025-10-13 11:34:16,437 - INFO - 未找到IP列，假设第一列为IP列
2025-10-13 11:34:16,437 - INFO - 未找到IP列，假设第一列为IP列
2025-10-13 11:34:16,437 - INFO - 未找到IP列，假设第一列为IP列
2025-10-13 11:34:16,437 - INFO - 未找到IP列，假设第一列为IP列
2025-10-13 11:34:16,437 - INFO - 未找到IP列，假设第一列为IP列
2025-10-13 11:34:16,437 - INFO - 未找到IP列，假设第一列为IP列
2025-10-13 11:34:16,437 - INFO - 未找到IP列，假设第一列为IP列
2025-10-13 11:34:16,437 - INFO - 未找到IP列，假设第一列为IP列
2025-10-13 11:34:16,437 - INFO - 未找到IP列，假设第一列为IP列
2025-10-13 11:34:16,437 - INFO - 未找到IP列，假设第一列为IP列
2025-10-13 11:34:16,437 - INFO - 未找到IP列，假设第一列为IP列
2025-10-13 11:34:16,437 - INFO - 未找到IP列，假设第一列为IP列
2025-10-13 11:34:16,437 - INFO - 未找到IP列，假设第一列为IP列
2025-10-13 11:34:16,437 - INFO - 未找到IP列，假设第一列为IP列
2025-10-13 11:34:16,437 - INFO - 未找到IP列，假设第一列为IP列
2025-10-13 11:34:16,437 - INFO - 未找到IP列，假设第一列为IP列
2025-10-13 11:34:16,437 - INFO - 未找到IP列，假设第一列为IP列
2025-10-13 11:34:16,437 - INFO - 未找到IP列，假设第一列为IP列
2025-10-13 11:34:16,437 - INFO - 未找到IP列，假设第一列为IP列
2025-10-13 11:34:16,437 - INFO - 未找到IP列，假设第一列为IP列
2025-10-13 11:34:16,437 - INFO - 未找到IP列，假设第一列为IP列
2025-10-13 11:34:16,437 - INFO - 未找到IP列，假设第一列为IP列
2025-10-13 11:34:16,438 - INFO - 未找到IP列，假设第一列为IP列
2025-10-13 11:34:16,438 - INFO - 未找到IP列，假设第一列为IP列
2025-10-13 11:34:16,438 - INFO - 未找到IP列，假设第一列为IP列
2025-10-13 11:34:16,438 - INFO - 未找到IP列，假设第一列为IP列
2025-10-13 11:34:16,438 - INFO - 未找到IP列，假设第一列为IP列
2025-10-13 11:34:16,438 - INFO - 未找到IP列，假设第一列为IP列
2025-10-13 11:34:16,438 - INFO - 未找到IP列，假设第一列为IP列
2025-10-13 11:34:16,438 - INFO - 未找到IP列，假设第一列为IP列
2025-10-13 11:34:16,438 - INFO - 未找到IP列，假设第一列为IP列
2025-10-13 11:34:16,438 - INFO - 未找到IP列，假设第一列为IP列
2025-10-13 11:34:16,438 - INFO - 未找到IP列，假设第一列为IP列
2025-10-13 11:34:16,438 - INFO - 未找到IP列，假设第一列为IP列
2025-10-13 11:34:16,438 - INFO - 未找到IP列，假设第一列为IP列
2025-10-13 11:34:16,438 - INFO - 未找到IP列，假设第一列为IP列
2025-10-13 11:34:16,438 - INFO - 未找到IP列，假设第一列为IP列
2025-10-13 11:34:16,438 - INFO - 未找到IP列，假设第一列为IP列
2025-10-13 11:34:16,439 - INFO - 未找到IP列，假设第一列为IP列
2025-10-13 11:34:16,439 - INFO - 未找到IP列，假设第一列为IP列
2025-10-13 11:34:16,439 - INFO - 未找到IP列，假设第一列为IP列
2025-10-13 11:34:16,439 - INFO - 未找到IP列，假设第一列为IP列
2025-10-13 11:34:16,439 - INFO - 未找到IP列，假设第一列为IP列
2025-10-13 11:34:16,439 - INFO - 未找到IP列，假设第一列为IP列
2025-10-13 11:34:16,439 - INFO - 未找到IP列，假设第一列为IP列
2025-10-13 11:34:16,439 - INFO - 未找到IP列，假设第一列为IP列
2025-10-13 11:34:16,439 - INFO - 未找到IP列，假设第一列为IP列
2025-10-13 11:34:16,439 - INFO - 未找到IP列，假设第一列为IP列
2025-10-13 11:34:16,439 - INFO - 未找到IP列，假设第一列为IP列
2025-10-13 11:34:16,439 - INFO - 未找到IP列，假设第一列为IP列
2025-10-13 11:34:16,439 - INFO - 未找到IP列，假设第一列为IP列
2025-10-13 11:34:16,439 - INFO - 未找到IP列，假设第一列为IP列
2025-10-13 11:34:16,439 - INFO - 未找到IP列，假设第一列为IP列
2025-10-13 11:34:16,440 - INFO - 未找到IP列，假设第一列为IP列
2025-10-13 11:34:16,440 - INFO - 未找到IP列，假设第一列为IP列
2025-10-13 11:34:16,440 - INFO - 未找到IP列，假设第一列为IP列
2025-10-13 11:34:16,440 - INFO - 未找到IP列，假设第一列为IP列
2025-10-13 11:34:16,440 - INFO - 未找到IP列，假设第一列为IP列
2025-10-13 11:34:16,440 - INFO - 未找到IP列，假设第一列为IP列
2025-10-13 11:34:16,440 - INFO - 未找到IP列，假设第一列为IP列
2025-10-13 11:34:16,440 - INFO - 未找到IP列，假设第一列为IP列
2025-10-13 11:34:16,440 - INFO - 未找到IP列，假设第一列为IP列
2025-10-13 11:34:16,440 - INFO - 未找到IP列，假设第一列为IP列
2025-10-13 11:34:16,440 - INFO - 未找到IP列，假设第一列为IP列
2025-10-13 11:34:16,440 - INFO - 未找到IP列，假设第一列为IP列
2025-10-13 11:34:16,440 - INFO - 未找到IP列，假设第一列为IP列
2025-10-13 11:34:16,440 - INFO - 未找到IP列，假设第一列为IP列
2025-10-13 11:34:16,440 - INFO - 未找到IP列，假设第一列为IP列
2025-10-13 11:34:16,441 - INFO - 未找到IP列，假设第一列为IP列
2025-10-13 11:34:16,441 - INFO - 未找到IP列，假设第一列为IP列
2025-10-13 11:34:16,441 - INFO - 未找到IP列，假设第一列为IP列
2025-10-13 11:34:16,441 - INFO - 未找到IP列，假设第一列为IP列
2025-10-13 11:34:16,441 - INFO - 未找到IP列，假设第一列为IP列
2025-10-13 11:34:16,441 - INFO - 未找到IP列，假设第一列为IP列
2025-10-13 11:34:16,441 - INFO - 未找到IP列，假设第一列为IP列
2025-10-13 11:34:16,441 - INFO - 未找到IP列，假设第一列为IP列
2025-10-13 11:34:16,441 - INFO - 未找到IP列，假设第一列为IP列
2025-10-13 11:34:16,441 - INFO - 未找到IP列，假设第一列为IP列
2025-10-13 11:34:16,441 - INFO - 未找到IP列，假设第一列为IP列
2025-10-13 11:34:16,441 - INFO - 未找到IP列，假设第一列为IP列
2025-10-13 11:34:16,441 - INFO - 未找到IP列，假设第一列为IP列
2025-10-13 11:34:16,441 - INFO - 未找到IP列，假设第一列为IP列
2025-10-13 11:34:16,441 - INFO - 未找到IP列，假设第一列为IP列
2025-10-13 11:34:16,441 - INFO - 未找到IP列，假设第一列为IP列
2025-10-13 11:34:16,442 - INFO - 未找到IP列，假设第一列为IP列
2025-10-13 11:34:16,442 - INFO - 未找到IP列，假设第一列为IP列
2025-10-13 11:34:16,442 - INFO - 未找到IP列，假设第一列为IP列
2025-10-13 11:34:16,442 - INFO - 未找到IP列，假设第一列为IP列
2025-10-13 11:34:16,442 - INFO - 未找到IP列，假设第一列为IP列
2025-10-13 11:34:16,442 - INFO - 未找到IP列，假设第一列为IP列
2025-10-13 11:34:16,442 - INFO - 未找到IP列，假设第一列为IP列
2025-10-13 11:34:16,442 - INFO - 未找到IP列，假设第一列为IP列
2025-10-13 11:34:16,442 - INFO - 未找到IP列，假设第一列为IP列
2025-10-13 11:34:16,442 - INFO - 未找到IP列，假设第一列为IP列
2025-10-13 11:34:16,442 - INFO - 未找到IP列，假设第一列为IP列
2025-10-13 11:34:16,442 - INFO - 未找到IP列，假设第一列为IP列
2025-10-13 11:34:16,442 - INFO - 未找到IP列，假设第一列为IP列
2025-10-13 11:34:16,442 - INFO - 未找到IP列，假设第一列为IP列
2025-10-13 11:34:16,442 - INFO - 未找到IP列，假设第一列为IP列
2025-10-13 11:34:16,443 - INFO - 未找到IP列，假设第一列为IP列
2025-10-13 11:34:16,443 - INFO - 未找到IP列，假设第一列为IP列
2025-10-13 11:34:16,443 - INFO - 未找到IP列，假设第一列为IP列
2025-10-13 11:34:16,443 - INFO - 未找到IP列，假设第一列为IP列
2025-10-13 11:34:16,443 - INFO - 未找到IP列，假设第一列为IP列
2025-10-13 11:34:16,443 - INFO - 未找到IP列，假设第一列为IP列
2025-10-13 11:34:16,443 - INFO - 未找到IP列，假设第一列为IP列
2025-10-13 11:34:16,443 - INFO - 未找到IP列，假设第一列为IP列
2025-10-13 11:34:16,443 - INFO - 未找到IP列，假设第一列为IP列
2025-10-13 11:34:16,443 - INFO - 未找到IP列，假设第一列为IP列
2025-10-13 11:34:16,443 - INFO - 未找到IP列，假设第一列为IP列
2025-10-13 11:34:16,443 - INFO - 未找到IP列，假设第一列为IP列
2025-10-13 11:34:16,443 - INFO - 未找到IP列，假设第一列为IP列
2025-10-13 11:34:16,443 - INFO - 未找到IP列，假设第一列为IP列
2025-10-13 11:34:16,443 - INFO - 未找到IP列，假设第一列为IP列
2025-10-13 11:34:16,443 - INFO - 未找到IP列，假设第一列为IP列
2025-10-13 11:34:16,444 - INFO - 未找到IP列，假设第一列为IP列
2025-10-13 11:34:16,444 - INFO - 未找到IP列，假设第一列为IP列
2025-10-13 11:34:16,444 - INFO - 未找到IP列，假设第一列为IP列
2025-10-13 11:34:16,444 - INFO - 未找到IP列，假设第一列为IP列
2025-10-13 11:34:16,444 - INFO - 未找到IP列，假设第一列为IP列
2025-10-13 11:34:16,444 - INFO - 未找到IP列，假设第一列为IP列
2025-10-13 11:34:16,444 - INFO - 未找到IP列，假设第一列为IP列
2025-10-13 11:34:16,444 - INFO - 未找到IP列，假设第一列为IP列
2025-10-13 11:34:16,444 - INFO - 未找到IP列，假设第一列为IP列
2025-10-13 11:34:16,444 - INFO - 未找到IP列，假设第一列为IP列
2025-10-13 11:34:16,444 - INFO - 未找到IP列，假设第一列为IP列
2025-10-13 11:34:16,444 - INFO - 未找到IP列，假设第一列为IP列
2025-10-13 11:34:16,444 - INFO - 未找到IP列，假设第一列为IP列
2025-10-13 11:34:16,444 - INFO - 未找到IP列，假设第一列为IP列
2025-10-13 11:34:16,444 - INFO - 未找到IP列，假设第一列为IP列
2025-10-13 11:34:16,445 - INFO - 未找到IP列，假设第一列为IP列
2025-10-13 11:34:16,445 - INFO - 未找到IP列，假设第一列为IP列
2025-10-13 11:34:16,445 - INFO - 未找到IP列，假设第一列为IP列
2025-10-13 11:34:16,445 - INFO - 未找到IP列，假设第一列为IP列
2025-10-13 11:34:16,445 - INFO - 未找到IP列，假设第一列为IP列
2025-10-13 11:34:16,445 - INFO - 未找到IP列，假设第一列为IP列
2025-10-13 11:34:16,445 - INFO - 未找到IP列，假设第一列为IP列
2025-10-13 11:34:16,445 - INFO - 未找到IP列，假设第一列为IP列
2025-10-13 11:34:16,445 - INFO - 未找到IP列，假设第一列为IP列
2025-10-13 11:34:16,445 - INFO - 未找到IP列，假设第一列为IP列
2025-10-13 11:34:16,445 - INFO - 未找到IP列，假设第一列为IP列
2025-10-13 11:34:16,445 - INFO - 未找到IP列，假设第一列为IP列
2025-10-13 11:34:16,445 - INFO - 未找到IP列，假设第一列为IP列
2025-10-13 11:34:16,445 - INFO - 未找到IP列，假设第一列为IP列
2025-10-13 11:34:16,445 - INFO - 未找到IP列，假设第一列为IP列
2025-10-13 11:34:16,446 - INFO - 未找到IP列，假设第一列为IP列
2025-10-13 11:34:16,446 - INFO - 未找到IP列，假设第一列为IP列
2025-10-13 11:34:16,446 - INFO - 未找到IP列，假设第一列为IP列
2025-10-13 11:34:16,446 - INFO - 未找到IP列，假设第一列为IP列
2025-10-13 11:34:16,446 - INFO - 未找到IP列，假设第一列为IP列
2025-10-13 11:34:16,446 - INFO - 未找到IP列，假设第一列为IP列
2025-10-13 11:34:16,446 - INFO - 未找到IP列，假设第一列为IP列
2025-10-13 11:34:16,446 - INFO - 未找到IP列，假设第一列为IP列
2025-10-13 11:34:16,446 - INFO - 未找到IP列，假设第一列为IP列
2025-10-13 11:34:16,446 - INFO - 未找到IP列，假设第一列为IP列
2025-10-13 11:34:16,446 - INFO - 未找到IP列，假设第一列为IP列
2025-10-13 11:34:16,446 - INFO - 未找到IP列，假设第一列为IP列
2025-10-13 11:34:16,446 - INFO - 未找到IP列，假设第一列为IP列
2025-10-13 11:34:16,446 - INFO - 未找到IP列，假设第一列为IP列
2025-10-13 11:34:16,446 - INFO - 未找到IP列，假设第一列为IP列
2025-10-13 11:34:16,447 - INFO - 未找到IP列，假设第一列为IP列
2025-10-13 11:34:16,447 - INFO - 未找到IP列，假设第一列为IP列
2025-10-13 11:34:16,447 - INFO - 未找到IP列，假设第一列为IP列
2025-10-13 11:34:16,447 - INFO - 未找到IP列，假设第一列为IP列
2025-10-13 11:34:16,447 - INFO - 未找到IP列，假设第一列为IP列
2025-10-13 11:34:16,447 - INFO - 未找到IP列，假设第一列为IP列
2025-10-13 11:34:16,447 - INFO - 未找到IP列，假设第一列为IP列
2025-10-13 11:34:16,447 - INFO - 未找到IP列，假设第一列为IP列
2025-10-13 11:34:16,447 - INFO - 未找到IP列，假设第一列为IP列
2025-10-13 11:34:16,447 - INFO - 未找到IP列，假设第一列为IP列
2025-10-13 11:34:16,447 - INFO - 未找到IP列，假设第一列为IP列
2025-10-13 11:34:16,447 - INFO - 未找到IP列，假设第一列为IP列
2025-10-13 11:34:16,447 - INFO - 未找到IP列，假设第一列为IP列
2025-10-13 11:34:16,447 - INFO - 未找到IP列，假设第一列为IP列
2025-10-13 11:34:16,447 - INFO - 未找到IP列，假设第一列为IP列
2025-10-13 11:34:16,448 - INFO - 未找到IP列，假设第一列为IP列
2025-10-13 11:34:16,448 - INFO - 未找到IP列，假设第一列为IP列
2025-10-13 11:34:16,448 - INFO - 未找到IP列，假设第一列为IP列
2025-10-13 11:34:16,448 - INFO - 未找到IP列，假设第一列为IP列
2025-10-13 11:34:16,448 - INFO - 未找到IP列，假设第一列为IP列
2025-10-13 11:34:16,448 - INFO - 未找到IP列，假设第一列为IP列
2025-10-13 11:34:16,448 - INFO - 未找到IP列，假设第一列为IP列
2025-10-13 11:34:16,448 - INFO - 未找到IP列，假设第一列为IP列
2025-10-13 11:34:16,448 - INFO - 未找到IP列，假设第一列为IP列
2025-10-13 11:34:16,448 - INFO - 未找到IP列，假设第一列为IP列
2025-10-13 11:34:16,448 - INFO - 未找到IP列，假设第一列为IP列
2025-10-13 11:34:16,448 - INFO - 未找到IP列，假设第一列为IP列
2025-10-13 11:34:16,448 - INFO - 未找到IP列，假设第一列为IP列
2025-10-13 11:34:16,448 - INFO - 未找到IP列，假设第一列为IP列
2025-10-13 11:34:16,448 - INFO - 未找到IP列，假设第一列为IP列
2025-10-13 11:34:16,448 - INFO - 未找到IP列，假设第一列为IP列
2025-10-13 11:34:16,449 - INFO - 未找到IP列，假设第一列为IP列
2025-10-13 11:34:16,449 - INFO - 未找到IP列，假设第一列为IP列
2025-10-13 11:34:16,449 - INFO - 未找到IP列，假设第一列为IP列
2025-10-13 11:34:16,449 - INFO - 未找到IP列，假设第一列为IP列
2025-10-13 11:34:16,449 - INFO - 未找到IP列，假设第一列为IP列
2025-10-13 11:34:16,449 - INFO - 未找到IP列，假设第一列为IP列
2025-10-13 11:34:16,449 - INFO - 未找到IP列，假设第一列为IP列
2025-10-13 11:34:16,449 - INFO - 未找到IP列，假设第一列为IP列
2025-10-13 11:34:16,449 - INFO - 未找到IP列，假设第一列为IP列
2025-10-13 11:34:16,449 - INFO - 未找到IP列，假设第一列为IP列
2025-10-13 11:34:16,449 - INFO - 未找到IP列，假设第一列为IP列
2025-10-13 11:34:16,449 - INFO - 未找到IP列，假设第一列为IP列
2025-10-13 11:34:16,449 - INFO - 未找到IP列，假设第一列为IP列
2025-10-13 11:34:16,449 - INFO - 未找到IP列，假设第一列为IP列
2025-10-13 11:34:16,449 - INFO - 未找到IP列，假设第一列为IP列
2025-10-13 11:34:16,450 - INFO - 未找到IP列，假设第一列为IP列
2025-10-13 11:34:16,450 - INFO - 未找到IP列，假设第一列为IP列
2025-10-13 11:34:16,450 - INFO - 未找到IP列，假设第一列为IP列
2025-10-13 11:34:16,450 - INFO - 未找到IP列，假设第一列为IP列
2025-10-13 11:34:16,450 - INFO - 未找到IP列，假设第一列为IP列
2025-10-13 11:34:16,450 - INFO - 未找到IP列，假设第一列为IP列
2025-10-13 11:34:16,450 - INFO - 未找到IP列，假设第一列为IP列
2025-10-13 11:34:16,450 - INFO - 未找到IP列，假设第一列为IP列
2025-10-13 11:34:16,450 - INFO - 未找到IP列，假设第一列为IP列
2025-10-13 11:34:16,450 - INFO - 未找到IP列，假设第一列为IP列
2025-10-13 11:34:16,450 - INFO - 未找到IP列，假设第一列为IP列
2025-10-13 11:34:16,450 - INFO - 未找到IP列，假设第一列为IP列
2025-10-13 11:34:16,450 - INFO - 未找到IP列，假设第一列为IP列
2025-10-13 11:34:16,450 - INFO - 未找到IP列，假设第一列为IP列
2025-10-13 11:34:16,450 - INFO - 未找到IP列，假设第一列为IP列
2025-10-13 11:34:16,451 - INFO - 未找到IP列，假设第一列为IP列
2025-10-13 11:34:16,451 - INFO - 未找到IP列，假设第一列为IP列
2025-10-13 11:34:16,451 - INFO - 未找到IP列，假设第一列为IP列
2025-10-13 11:34:16,451 - INFO - 未找到IP列，假设第一列为IP列
2025-10-13 11:34:16,451 - INFO - 未找到IP列，假设第一列为IP列
2025-10-13 11:34:16,451 - INFO - 未找到IP列，假设第一列为IP列
2025-10-13 11:34:16,451 - INFO - 未找到IP列，假设第一列为IP列
2025-10-13 11:34:16,451 - INFO - 未找到IP列，假设第一列为IP列
2025-10-13 11:34:16,451 - INFO - 未找到IP列，假设第一列为IP列
2025-10-13 11:34:16,451 - INFO - 未找到IP列，假设第一列为IP列
2025-10-13 11:34:16,451 - INFO - 未找到IP列，假设第一列为IP列
2025-10-13 11:34:16,451 - INFO - 未找到IP列，假设第一列为IP列
2025-10-13 11:34:16,451 - INFO - 未找到IP列，假设第一列为IP列
2025-10-13 11:34:16,451 - INFO - 未找到IP列，假设第一列为IP列
2025-10-13 11:34:16,451 - INFO - 未找到IP列，假设第一列为IP列
2025-10-13 11:34:16,451 - INFO - 未找到IP列，假设第一列为IP列
2025-10-13 11:34:16,452 - INFO - 未找到IP列，假设第一列为IP列
2025-10-13 11:34:16,452 - INFO - 未找到IP列，假设第一列为IP列
2025-10-13 11:34:16,452 - INFO - 未找到IP列，假设第一列为IP列
2025-10-13 11:34:16,452 - INFO - 未找到IP列，假设第一列为IP列
2025-10-13 11:34:16,452 - INFO - 未找到IP列，假设第一列为IP列
2025-10-13 11:34:16,452 - INFO - 未找到IP列，假设第一列为IP列
2025-10-13 11:34:16,452 - INFO - 未找到IP列，假设第一列为IP列
2025-10-13 11:34:16,452 - INFO - 未找到IP列，假设第一列为IP列
2025-10-13 11:34:16,452 - INFO - 未找到IP列，假设第一列为IP列
2025-10-13 11:34:16,452 - INFO - 未找到IP列，假设第一列为IP列
2025-10-13 11:34:16,452 - INFO - 未找到IP列，假设第一列为IP列
2025-10-13 11:34:16,452 - INFO - 未找到IP列，假设第一列为IP列
2025-10-13 11:34:16,452 - INFO - 未找到IP列，假设第一列为IP列
2025-10-13 11:34:16,452 - INFO - 未找到IP列，假设第一列为IP列
2025-10-13 11:34:16,452 - INFO - 未找到IP列，假设第一列为IP列
2025-10-13 11:34:16,453 - INFO - 未找到IP列，假设第一列为IP列
2025-10-13 11:34:16,453 - INFO - 未找到IP列，假设第一列为IP列
2025-10-13 11:34:16,453 - INFO - 未找到IP列，假设第一列为IP列
2025-10-13 11:34:16,453 - INFO - 未找到IP列，假设第一列为IP列
2025-10-13 11:34:16,453 - INFO - 未找到IP列，假设第一列为IP列
2025-10-13 11:34:16,453 - INFO - 未找到IP列，假设第一列为IP列
2025-10-13 11:34:16,453 - INFO - 未找到IP列，假设第一列为IP列
2025-10-13 11:34:16,453 - INFO - 未找到IP列，假设第一列为IP列
2025-10-13 11:34:16,453 - INFO - 未找到IP列，假设第一列为IP列
2025-10-13 11:34:16,453 - INFO - 未找到IP列，假设第一列为IP列
2025-10-13 11:34:16,453 - INFO - 未找到IP列，假设第一列为IP列
2025-10-13 11:34:16,453 - INFO - 未找到IP列，假设第一列为IP列
2025-10-13 11:34:16,453 - INFO - 未找到IP列，假设第一列为IP列
2025-10-13 11:34:16,453 - INFO - 未找到IP列，假设第一列为IP列
2025-10-13 11:34:16,453 - INFO - 未找到IP列，假设第一列为IP列
2025-10-13 11:34:16,453 - INFO - 未找到IP列，假设第一列为IP列
2025-10-13 11:34:16,454 - INFO - 未找到IP列，假设第一列为IP列
2025-10-13 11:34:16,454 - INFO - 未找到IP列，假设第一列为IP列
2025-10-13 11:34:16,454 - INFO - 未找到IP列，假设第一列为IP列
2025-10-13 11:34:16,454 - INFO - 未找到IP列，假设第一列为IP列
2025-10-13 11:34:16,454 - INFO - 未找到IP列，假设第一列为IP列
2025-10-13 11:34:16,454 - INFO - 未找到IP列，假设第一列为IP列
2025-10-13 11:34:16,454 - INFO - 未找到IP列，假设第一列为IP列
2025-10-13 11:34:16,454 - INFO - 未找到IP列，假设第一列为IP列
2025-10-13 11:34:16,454 - INFO - 未找到IP列，假设第一列为IP列
2025-10-13 11:34:16,454 - INFO - 未找到IP列，假设第一列为IP列
2025-10-13 11:34:16,454 - INFO - 未找到IP列，假设第一列为IP列
2025-10-13 11:34:16,454 - INFO - 未找到IP列，假设第一列为IP列
2025-10-13 11:34:16,454 - INFO - 未找到IP列，假设第一列为IP列
2025-10-13 11:34:16,454 - INFO - 未找到IP列，假设第一列为IP列
2025-10-13 11:34:16,454 - INFO - 未找到IP列，假设第一列为IP列
2025-10-13 11:34:16,455 - INFO - 未找到IP列，假设第一列为IP列
2025-10-13 11:34:16,455 - INFO - 未找到IP列，假设第一列为IP列
2025-10-13 11:34:16,455 - INFO - 未找到IP列，假设第一列为IP列
2025-10-13 11:34:16,455 - INFO - 未找到IP列，假设第一列为IP列
2025-10-13 11:34:16,455 - INFO - 未找到IP列，假设第一列为IP列
2025-10-13 11:34:16,455 - INFO - 未找到IP列，假设第一列为IP列
2025-10-13 11:34:16,455 - INFO - 未找到IP列，假设第一列为IP列
2025-10-13 11:34:16,455 - INFO - 未找到IP列，假设第一列为IP列
2025-10-13 11:34:16,455 - INFO - 未找到IP列，假设第一列为IP列
2025-10-13 11:34:16,455 - INFO - 未找到IP列，假设第一列为IP列
2025-10-13 11:34:16,455 - INFO - 未找到IP列，假设第一列为IP列
2025-10-13 11:34:16,455 - INFO - 未找到IP列，假设第一列为IP列
2025-10-13 11:34:16,455 - INFO - 未找到IP列，假设第一列为IP列
2025-10-13 11:34:16,455 - INFO - 未找到IP列，假设第一列为IP列
2025-10-13 11:34:16,455 - INFO - 未找到IP列，假设第一列为IP列
2025-10-13 11:34:16,456 - INFO - 未找到IP列，假设第一列为IP列
2025-10-13 11:34:16,456 - INFO - 未找到IP列，假设第一列为IP列
2025-10-13 11:34:16,456 - INFO - 未找到IP列，假设第一列为IP列
2025-10-13 11:34:16,456 - INFO - 未找到IP列，假设第一列为IP列
2025-10-13 11:34:16,456 - INFO - 未找到IP列，假设第一列为IP列
2025-10-13 11:34:16,456 - INFO - 未找到IP列，假设第一列为IP列
2025-10-13 11:34:16,456 - INFO - 未找到IP列，假设第一列为IP列
2025-10-13 11:34:16,456 - INFO - 未找到IP列，假设第一列为IP列
2025-10-13 11:34:16,456 - INFO - 未找到IP列，假设第一列为IP列
2025-10-13 11:34:16,456 - INFO - 未找到IP列，假设第一列为IP列
2025-10-13 11:34:16,456 - INFO - 未找到IP列，假设第一列为IP列
2025-10-13 11:34:16,456 - INFO - 未找到IP列，假设第一列为IP列
2025-10-13 11:34:16,456 - INFO - 未找到IP列，假设第一列为IP列
2025-10-13 11:34:16,456 - INFO - 未找到IP列，假设第一列为IP列
2025-10-13 11:34:16,456 - INFO - 未找到IP列，假设第一列为IP列
2025-10-13 11:34:16,456 - INFO - 未找到IP列，假设第一列为IP列
2025-10-13 11:34:16,457 - INFO - 未找到IP列，假设第一列为IP列
2025-10-13 11:34:16,457 - INFO - 未找到IP列，假设第一列为IP列
2025-10-13 11:34:16,457 - INFO - 未找到IP列，假设第一列为IP列
2025-10-13 11:34:16,457 - INFO - 未找到IP列，假设第一列为IP列
2025-10-13 11:34:16,457 - INFO - 未找到IP列，假设第一列为IP列
2025-10-13 11:34:16,457 - INFO - 未找到IP列，假设第一列为IP列
2025-10-13 11:34:16,457 - INFO - 未找到IP列，假设第一列为IP列
2025-10-13 11:34:16,457 - INFO - 未找到IP列，假设第一列为IP列
2025-10-13 11:34:16,457 - INFO - 未找到IP列，假设第一列为IP列
2025-10-13 11:34:16,457 - INFO - 未找到IP列，假设第一列为IP列
2025-10-13 11:34:16,457 - INFO - 未找到IP列，假设第一列为IP列
2025-10-13 11:34:16,457 - INFO - 未找到IP列，假设第一列为IP列
2025-10-13 11:34:16,457 - INFO - 未找到IP列，假设第一列为IP列
2025-10-13 11:34:16,457 - INFO - 未找到IP列，假设第一列为IP列
2025-10-13 11:34:16,457 - INFO - 未找到IP列，假设第一列为IP列
2025-10-13 11:34:16,458 - INFO - 未找到IP列，假设第一列为IP列
2025-10-13 11:34:16,458 - INFO - 未找到IP列，假设第一列为IP列
2025-10-13 11:34:16,458 - INFO - 未找到IP列，假设第一列为IP列
2025-10-13 11:34:16,458 - INFO - 未找到IP列，假设第一列为IP列
2025-10-13 11:34:16,458 - INFO - 未找到IP列，假设第一列为IP列
2025-10-13 11:34:16,458 - INFO - 未找到IP列，假设第一列为IP列
2025-10-13 11:34:16,458 - INFO - 未找到IP列，假设第一列为IP列
2025-10-13 11:34:16,458 - INFO - 未找到IP列，假设第一列为IP列
2025-10-13 11:34:16,458 - INFO - 未找到IP列，假设第一列为IP列
2025-10-13 11:34:16,458 - INFO - 未找到IP列，假设第一列为IP列
2025-10-13 11:34:16,458 - INFO - 未找到IP列，假设第一列为IP列
2025-10-13 11:34:16,458 - INFO - 未找到IP列，假设第一列为IP列
2025-10-13 11:34:16,458 - INFO - 未找到IP列，假设第一列为IP列
2025-10-13 11:34:16,458 - INFO - 未找到IP列，假设第一列为IP列
2025-10-13 11:34:16,458 - INFO - 未找到IP列，假设第一列为IP列
2025-10-13 11:34:16,459 - INFO - 未找到IP列，假设第一列为IP列
2025-10-13 11:34:16,459 - INFO - 未找到IP列，假设第一列为IP列
2025-10-13 11:34:16,459 - INFO - 未找到IP列，假设第一列为IP列
2025-10-13 11:34:16,459 - INFO - 未找到IP列，假设第一列为IP列
2025-10-13 11:34:16,459 - INFO - 未找到IP列，假设第一列为IP列
2025-10-13 11:34:16,459 - INFO - 未找到IP列，假设第一列为IP列
2025-10-13 11:34:16,459 - INFO - 未找到IP列，假设第一列为IP列
2025-10-13 11:34:16,459 - INFO - 未找到IP列，假设第一列为IP列
2025-10-13 11:34:16,459 - INFO - 未找到IP列，假设第一列为IP列
2025-10-13 11:34:16,459 - INFO - 未找到IP列，假设第一列为IP列
2025-10-13 11:34:16,459 - INFO - 未找到IP列，假设第一列为IP列
2025-10-13 11:34:16,459 - INFO - 未找到IP列，假设第一列为IP列
2025-10-13 11:34:16,459 - INFO - 未找到IP列，假设第一列为IP列
2025-10-13 11:34:16,459 - INFO - 未找到IP列，假设第一列为IP列
2025-10-13 11:34:16,459 - INFO - 未找到IP列，假设第一列为IP列
2025-10-13 11:34:16,459 - INFO - 未找到IP列，假设第一列为IP列
2025-10-13 11:34:16,460 - INFO - 未找到IP列，假设第一列为IP列
2025-10-13 11:34:16,460 - INFO - 未找到IP列，假设第一列为IP列
2025-10-13 11:34:16,460 - INFO - 未找到IP列，假设第一列为IP列
2025-10-13 11:34:16,460 - INFO - 未找到IP列，假设第一列为IP列
2025-10-13 11:34:16,460 - INFO - 未找到IP列，假设第一列为IP列
2025-10-13 11:34:16,460 - INFO - 未找到IP列，假设第一列为IP列
2025-10-13 11:34:16,460 - INFO - 未找到IP列，假设第一列为IP列
2025-10-13 11:34:16,460 - INFO - 未找到IP列，假设第一列为IP列
2025-10-13 11:34:16,460 - INFO - 未找到IP列，假设第一列为IP列
2025-10-13 11:34:16,460 - INFO - 未找到IP列，假设第一列为IP列
2025-10-13 11:34:16,460 - INFO - 未找到IP列，假设第一列为IP列
2025-10-13 11:34:16,460 - INFO - 未找到IP列，假设第一列为IP列
2025-10-13 11:34:16,460 - INFO - 未找到IP列，假设第一列为IP列
2025-10-13 11:34:16,460 - INFO - 未找到IP列，假设第一列为IP列
2025-10-13 11:34:16,460 - INFO - 未找到IP列，假设第一列为IP列
2025-10-13 11:34:16,461 - INFO - 未找到IP列，假设第一列为IP列
2025-10-13 11:34:16,461 - INFO - 未找到IP列，假设第一列为IP列
2025-10-13 11:34:16,461 - INFO - 未找到IP列，假设第一列为IP列
2025-10-13 11:34:16,461 - INFO - 未找到IP列，假设第一列为IP列
2025-10-13 11:34:16,461 - INFO - 未找到IP列，假设第一列为IP列
2025-10-13 11:34:16,461 - INFO - 未找到IP列，假设第一列为IP列
2025-10-13 11:34:16,461 - INFO - 未找到IP列，假设第一列为IP列
2025-10-13 11:34:16,461 - INFO - 未找到IP列，假设第一列为IP列
2025-10-13 11:34:16,461 - INFO - 未找到IP列，假设第一列为IP列
2025-10-13 11:34:16,461 - INFO - 未找到IP列，假设第一列为IP列
2025-10-13 11:34:16,461 - INFO - 未找到IP列，假设第一列为IP列
2025-10-13 11:34:16,461 - INFO - 未找到IP列，假设第一列为IP列
2025-10-13 11:34:16,461 - INFO - 未找到IP列，假设第一列为IP列
2025-10-13 11:34:16,461 - INFO - 未找到IP列，假设第一列为IP列
2025-10-13 11:34:16,461 - INFO - 未找到IP列，假设第一列为IP列
2025-10-13 11:34:16,461 - INFO - 未找到IP列，假设第一列为IP列
2025-10-13 11:34:16,462 - INFO - 未找到IP列，假设第一列为IP列
2025-10-13 11:34:16,462 - INFO - 未找到IP列，假设第一列为IP列
2025-10-13 11:34:16,462 - INFO - 未找到IP列，假设第一列为IP列
2025-10-13 11:34:16,462 - INFO - 未找到IP列，假设第一列为IP列
2025-10-13 11:34:16,462 - INFO - 未找到IP列，假设第一列为IP列
2025-10-13 11:34:16,462 - INFO - 未找到IP列，假设第一列为IP列
2025-10-13 11:34:16,462 - INFO - 未找到IP列，假设第一列为IP列
2025-10-13 11:34:16,462 - INFO - 未找到IP列，假设第一列为IP列
2025-10-13 11:34:16,462 - INFO - 未找到IP列，假设第一列为IP列
2025-10-13 11:34:16,462 - INFO - 未找到IP列，假设第一列为IP列
2025-10-13 11:34:16,462 - INFO - 未找到IP列，假设第一列为IP列
2025-10-13 11:34:16,462 - INFO - 未找到IP列，假设第一列为IP列
2025-10-13 11:34:16,462 - INFO - 未找到IP列，假设第一列为IP列
2025-10-13 11:34:16,462 - INFO - 未找到IP列，假设第一列为IP列
2025-10-13 11:34:16,462 - INFO - 未找到IP列，假设第一列为IP列
2025-10-13 11:34:16,462 - INFO - 未找到IP列，假设第一列为IP列
2025-10-13 11:34:16,463 - INFO - 未找到IP列，假设第一列为IP列
2025-10-13 11:34:16,463 - INFO - 未找到IP列，假设第一列为IP列
2025-10-13 11:34:16,463 - INFO - 未找到IP列，假设第一列为IP列
2025-10-13 11:34:16,463 - INFO - 未找到IP列，假设第一列为IP列
2025-10-13 11:34:16,463 - INFO - 未找到IP列，假设第一列为IP列
2025-10-13 11:34:16,463 - INFO - 未找到IP列，假设第一列为IP列
2025-10-13 11:34:16,463 - INFO - 未找到IP列，假设第一列为IP列
2025-10-13 11:34:16,463 - INFO - 未找到IP列，假设第一列为IP列
2025-10-13 11:34:16,463 - INFO - 未找到IP列，假设第一列为IP列
2025-10-13 11:34:16,463 - INFO - 未找到IP列，假设第一列为IP列
2025-10-13 11:34:16,463 - INFO - 未找到IP列，假设第一列为IP列
2025-10-13 11:34:16,463 - INFO - 未找到IP列，假设第一列为IP列
2025-10-13 11:34:16,463 - INFO - 未找到IP列，假设第一列为IP列
2025-10-13 11:34:16,463 - INFO - 未找到IP列，假设第一列为IP列
2025-10-13 11:34:16,463 - INFO - 未找到IP列，假设第一列为IP列
2025-10-13 11:34:16,464 - INFO - 未找到IP列，假设第一列为IP列
2025-10-13 11:34:16,464 - INFO - 未找到IP列，假设第一列为IP列
2025-10-13 11:34:16,464 - INFO - 未找到IP列，假设第一列为IP列
2025-10-13 11:34:16,464 - INFO - 未找到IP列，假设第一列为IP列
2025-10-13 11:34:16,464 - INFO - 未找到IP列，假设第一列为IP列
2025-10-13 11:34:16,464 - INFO - 未找到IP列，假设第一列为IP列
2025-10-13 11:34:16,464 - INFO - 未找到IP列，假设第一列为IP列
2025-10-13 11:34:16,464 - INFO - 未找到IP列，假设第一列为IP列
2025-10-13 11:34:16,464 - INFO - 未找到IP列，假设第一列为IP列
2025-10-13 11:34:16,464 - INFO - 未找到IP列，假设第一列为IP列
2025-10-13 11:34:16,464 - INFO - 未找到IP列，假设第一列为IP列
2025-10-13 11:34:16,464 - INFO - 未找到IP列，假设第一列为IP列
2025-10-13 11:34:16,464 - INFO - 未找到IP列，假设第一列为IP列
2025-10-13 11:34:16,464 - INFO - 未找到IP列，假设第一列为IP列
2025-10-13 11:34:16,464 - INFO - 未找到IP列，假设第一列为IP列
2025-10-13 11:34:16,464 - INFO - 未找到IP列，假设第一列为IP列
2025-10-13 11:34:16,465 - INFO - 未找到IP列，假设第一列为IP列
2025-10-13 11:34:16,465 - INFO - 未找到IP列，假设第一列为IP列
2025-10-13 11:34:16,465 - INFO - 未找到IP列，假设第一列为IP列
2025-10-13 11:34:16,465 - INFO - 未找到IP列，假设第一列为IP列
2025-10-13 11:34:16,465 - INFO - 未找到IP列，假设第一列为IP列
2025-10-13 11:34:16,465 - INFO - 未找到IP列，假设第一列为IP列
2025-10-13 11:34:16,465 - INFO - 未找到IP列，假设第一列为IP列
2025-10-13 11:34:16,465 - INFO - 未找到IP列，假设第一列为IP列
2025-10-13 11:34:16,465 - INFO - 未找到IP列，假设第一列为IP列
2025-10-13 11:34:16,465 - INFO - 未找到IP列，假设第一列为IP列
2025-10-13 11:34:16,465 - INFO - 未找到IP列，假设第一列为IP列
2025-10-13 11:34:16,465 - INFO - 未找到IP列，假设第一列为IP列
2025-10-13 11:34:16,465 - INFO - 未找到IP列，假设第一列为IP列
2025-10-13 11:34:16,465 - INFO - 未找到IP列，假设第一列为IP列
2025-10-13 11:34:16,465 - INFO - 未找到IP列，假设第一列为IP列
2025-10-13 11:34:16,466 - INFO - 未找到IP列，假设第一列为IP列
2025-10-13 11:34:16,466 - INFO - 未找到IP列，假设第一列为IP列
2025-10-13 11:34:16,466 - INFO - 未找到IP列，假设第一列为IP列
2025-10-13 11:34:16,466 - INFO - 未找到IP列，假设第一列为IP列
2025-10-13 11:34:16,466 - INFO - 未找到IP列，假设第一列为IP列
2025-10-13 11:34:16,466 - INFO - 未找到IP列，假设第一列为IP列
2025-10-13 11:34:16,466 - INFO - 未找到IP列，假设第一列为IP列
2025-10-13 11:34:16,466 - INFO - 未找到IP列，假设第一列为IP列
2025-10-13 11:34:16,466 - INFO - 未找到IP列，假设第一列为IP列
2025-10-13 11:34:16,466 - INFO - 未找到IP列，假设第一列为IP列
2025-10-13 11:34:16,466 - INFO - 未找到IP列，假设第一列为IP列
2025-10-13 11:34:16,466 - INFO - 未找到IP列，假设第一列为IP列
2025-10-13 11:34:16,466 - INFO - 未找到IP列，假设第一列为IP列
2025-10-13 11:34:16,466 - INFO - 未找到IP列，假设第一列为IP列
2025-10-13 11:34:16,466 - INFO - 未找到IP列，假设第一列为IP列
2025-10-13 11:34:16,466 - INFO - 未找到IP列，假设第一列为IP列
2025-10-13 11:34:16,467 - INFO - 未找到IP列，假设第一列为IP列
2025-10-13 11:34:16,467 - INFO - 未找到IP列，假设第一列为IP列
2025-10-13 11:34:16,467 - INFO - 未找到IP列，假设第一列为IP列
2025-10-13 11:34:16,467 - INFO - 未找到IP列，假设第一列为IP列
2025-10-13 11:34:16,467 - INFO - 未找到IP列，假设第一列为IP列
2025-10-13 11:34:16,467 - INFO - 未找到IP列，假设第一列为IP列
2025-10-13 11:34:16,467 - INFO - 未找到IP列，假设第一列为IP列
2025-10-13 11:34:16,467 - INFO - 未找到IP列，假设第一列为IP列
2025-10-13 11:34:16,467 - INFO - 未找到IP列，假设第一列为IP列
2025-10-13 11:34:16,467 - INFO - 未找到IP列，假设第一列为IP列
2025-10-13 11:34:16,467 - INFO - 未找到IP列，假设第一列为IP列
2025-10-13 11:34:16,467 - INFO - 未找到IP列，假设第一列为IP列
2025-10-13 11:34:16,467 - INFO - 未找到IP列，假设第一列为IP列
2025-10-13 11:34:16,467 - INFO - 未找到IP列，假设第一列为IP列
2025-10-13 11:34:16,467 - INFO - 未找到IP列，假设第一列为IP列
2025-10-13 11:34:16,468 - INFO - 未找到IP列，假设第一列为IP列
2025-10-13 11:34:16,468 - INFO - 未找到IP列，假设第一列为IP列
2025-10-13 11:34:16,468 - INFO - 未找到IP列，假设第一列为IP列
2025-10-13 11:34:16,468 - INFO - 未找到IP列，假设第一列为IP列
2025-10-13 11:34:16,468 - INFO - 未找到IP列，假设第一列为IP列
2025-10-13 11:34:16,468 - INFO - 未找到IP列，假设第一列为IP列
2025-10-13 11:34:16,468 - INFO - 未找到IP列，假设第一列为IP列
2025-10-13 11:34:16,468 - INFO - 未找到IP列，假设第一列为IP列
2025-10-13 11:34:16,468 - INFO - 未找到IP列，假设第一列为IP列
2025-10-13 11:34:16,468 - INFO - 未找到IP列，假设第一列为IP列
2025-10-13 11:34:16,468 - INFO - 未找到IP列，假设第一列为IP列
2025-10-13 11:34:16,468 - INFO - 未找到IP列，假设第一列为IP列
2025-10-13 11:34:16,468 - INFO - 未找到IP列，假设第一列为IP列
2025-10-13 11:34:16,468 - INFO - 未找到IP列，假设第一列为IP列
2025-10-13 11:34:16,468 - INFO - 未找到IP列，假设第一列为IP列
2025-10-13 11:34:16,468 - INFO - 未找到IP列，假设第一列为IP列
2025-10-13 11:34:16,469 - INFO - 未找到IP列，假设第一列为IP列
2025-10-13 11:34:16,469 - INFO - 未找到IP列，假设第一列为IP列
2025-10-13 11:34:16,469 - INFO - 未找到IP列，假设第一列为IP列
2025-10-13 11:34:16,469 - INFO - 未找到IP列，假设第一列为IP列
2025-10-13 11:34:16,469 - INFO - 未找到IP列，假设第一列为IP列
2025-10-13 11:34:16,469 - INFO - 未找到IP列，假设第一列为IP列
2025-10-13 11:34:16,469 - INFO - 未找到IP列，假设第一列为IP列
2025-10-13 11:34:16,469 - INFO - 未找到IP列，假设第一列为IP列
2025-10-13 11:34:16,469 - INFO - 未找到IP列，假设第一列为IP列
2025-10-13 11:34:16,469 - INFO - 未找到IP列，假设第一列为IP列
2025-10-13 11:34:16,469 - INFO - 未找到IP列，假设第一列为IP列
2025-10-13 11:34:16,469 - INFO - 未找到IP列，假设第一列为IP列
2025-10-13 11:34:16,469 - INFO - 未找到IP列，假设第一列为IP列
2025-10-13 11:34:16,469 - INFO - 未找到IP列，假设第一列为IP列
2025-10-13 11:34:16,469 - INFO - 未找到IP列，假设第一列为IP列
2025-10-13 11:34:16,470 - INFO - 未找到IP列，假设第一列为IP列
2025-10-13 11:34:16,470 - INFO - 未找到IP列，假设第一列为IP列
2025-10-13 11:34:16,470 - INFO - 未找到IP列，假设第一列为IP列
2025-10-13 11:34:16,470 - INFO - 未找到IP列，假设第一列为IP列
2025-10-13 11:34:16,470 - INFO - 未找到IP列，假设第一列为IP列
2025-10-13 11:34:16,470 - INFO - 未找到IP列，假设第一列为IP列
2025-10-13 11:34:16,470 - INFO - 未找到IP列，假设第一列为IP列
2025-10-13 11:34:16,470 - INFO - 未找到IP列，假设第一列为IP列
2025-10-13 11:34:16,470 - INFO - 未找到IP列，假设第一列为IP列
2025-10-13 11:34:16,470 - INFO - 未找到IP列，假设第一列为IP列
2025-10-13 11:34:16,470 - INFO - 未找到IP列，假设第一列为IP列
2025-10-13 11:34:16,470 - INFO - 未找到IP列，假设第一列为IP列
2025-10-13 11:34:16,470 - INFO - 未找到IP列，假设第一列为IP列
2025-10-13 11:34:16,470 - INFO - 未找到IP列，假设第一列为IP列
2025-10-13 11:34:16,470 - INFO - 未找到IP列，假设第一列为IP列
2025-10-13 11:34:16,470 - INFO - 未找到IP列，假设第一列为IP列
2025-10-13 11:34:16,471 - INFO - 未找到IP列，假设第一列为IP列
2025-10-13 11:34:16,471 - INFO - 未找到IP列，假设第一列为IP列
2025-10-13 11:34:16,471 - INFO - 未找到IP列，假设第一列为IP列
2025-10-13 11:34:16,471 - INFO - 未找到IP列，假设第一列为IP列
2025-10-13 11:34:16,471 - INFO - 未找到IP列，假设第一列为IP列
2025-10-13 11:34:16,471 - INFO - 未找到IP列，假设第一列为IP列
2025-10-13 11:34:16,471 - INFO - 未找到IP列，假设第一列为IP列
2025-10-13 11:34:16,471 - INFO - 未找到IP列，假设第一列为IP列
2025-10-13 11:34:16,471 - INFO - 未找到IP列，假设第一列为IP列
2025-10-13 11:34:16,471 - INFO - 未找到IP列，假设第一列为IP列
2025-10-13 11:34:16,471 - INFO - 未找到IP列，假设第一列为IP列
2025-10-13 11:34:16,471 - INFO - 未找到IP列，假设第一列为IP列
2025-10-13 11:34:16,471 - INFO - 未找到IP列，假设第一列为IP列
2025-10-13 11:34:16,471 - INFO - 未找到IP列，假设第一列为IP列
2025-10-13 11:34:16,471 - INFO - 未找到IP列，假设第一列为IP列
2025-10-13 11:34:16,472 - INFO - 未找到IP列，假设第一列为IP列
2025-10-13 11:34:16,472 - INFO - 未找到IP列，假设第一列为IP列
2025-10-13 11:34:16,472 - INFO - 未找到IP列，假设第一列为IP列
2025-10-13 11:34:16,472 - INFO - 未找到IP列，假设第一列为IP列
2025-10-13 11:34:16,472 - INFO - 未找到IP列，假设第一列为IP列
2025-10-13 11:34:16,472 - INFO - 未找到IP列，假设第一列为IP列
2025-10-13 11:34:16,472 - INFO - 未找到IP列，假设第一列为IP列
2025-10-13 11:34:16,472 - INFO - 未找到IP列，假设第一列为IP列
2025-10-13 11:34:16,472 - INFO - 未找到IP列，假设第一列为IP列
2025-10-13 11:34:16,472 - INFO - 未找到IP列，假设第一列为IP列
2025-10-13 11:34:16,472 - INFO - 未找到IP列，假设第一列为IP列
2025-10-13 11:34:16,472 - INFO - 未找到IP列，假设第一列为IP列
2025-10-13 11:34:16,472 - INFO - 未找到IP列，假设第一列为IP列
2025-10-13 11:34:16,472 - INFO - 未找到IP列，假设第一列为IP列
2025-10-13 11:34:16,472 - INFO - 未找到IP列，假设第一列为IP列
2025-10-13 11:34:16,472 - INFO - 未找到IP列，假设第一列为IP列
2025-10-13 11:34:16,473 - INFO - 未找到IP列，假设第一列为IP列
2025-10-13 11:34:16,473 - INFO - 未找到IP列，假设第一列为IP列
2025-10-13 11:34:16,473 - INFO - 未找到IP列，假设第一列为IP列
2025-10-13 11:34:16,473 - INFO - 未找到IP列，假设第一列为IP列
2025-10-13 11:34:16,473 - INFO - 未找到IP列，假设第一列为IP列
2025-10-13 11:34:16,473 - INFO - 未找到IP列，假设第一列为IP列
2025-10-13 11:34:16,473 - INFO - 未找到IP列，假设第一列为IP列
2025-10-13 11:34:16,473 - INFO - 未找到IP列，假设第一列为IP列
2025-10-13 11:34:16,473 - INFO - 未找到IP列，假设第一列为IP列
2025-10-13 11:34:16,473 - INFO - 未找到IP列，假设第一列为IP列
2025-10-13 11:34:16,473 - INFO - 未找到IP列，假设第一列为IP列
2025-10-13 11:34:16,473 - INFO - 未找到IP列，假设第一列为IP列
2025-10-13 11:34:16,473 - INFO - 未找到IP列，假设第一列为IP列
2025-10-13 11:34:16,473 - INFO - 未找到IP列，假设第一列为IP列
2025-10-13 11:34:16,473 - INFO - 未找到IP列，假设第一列为IP列
2025-10-13 11:34:16,474 - INFO - 未找到IP列，假设第一列为IP列
2025-10-13 11:34:16,474 - INFO - 未找到IP列，假设第一列为IP列
2025-10-13 11:34:16,474 - INFO - 未找到IP列，假设第一列为IP列
2025-10-13 11:34:16,474 - INFO - 未找到IP列，假设第一列为IP列
2025-10-13 11:34:16,474 - INFO - 未找到IP列，假设第一列为IP列
2025-10-13 11:34:16,474 - INFO - 未找到IP列，假设第一列为IP列
2025-10-13 11:34:16,474 - INFO - 未找到IP列，假设第一列为IP列
2025-10-13 11:34:16,474 - INFO - 未找到IP列，假设第一列为IP列
2025-10-13 11:34:16,474 - INFO - 未找到IP列，假设第一列为IP列
2025-10-13 11:34:16,474 - INFO - 未找到IP列，假设第一列为IP列
2025-10-13 11:34:16,474 - INFO - 未找到IP列，假设第一列为IP列
2025-10-13 11:34:16,474 - INFO - 未找到IP列，假设第一列为IP列
2025-10-13 11:34:16,474 - INFO - 未找到IP列，假设第一列为IP列
2025-10-13 11:34:16,474 - INFO - 未找到IP列，假设第一列为IP列
2025-10-13 11:34:16,474 - INFO - 未找到IP列，假设第一列为IP列
2025-10-13 11:34:16,474 - INFO - 未找到IP列，假设第一列为IP列
2025-10-13 11:34:16,475 - INFO - 未找到IP列，假设第一列为IP列
2025-10-13 11:34:16,475 - INFO - 未找到IP列，假设第一列为IP列
2025-10-13 11:34:16,475 - INFO - 未找到IP列，假设第一列为IP列
2025-10-13 11:34:16,475 - INFO - 未找到IP列，假设第一列为IP列
2025-10-13 11:34:16,475 - INFO - 未找到IP列，假设第一列为IP列
2025-10-13 11:34:16,475 - INFO - 未找到IP列，假设第一列为IP列
2025-10-13 11:34:16,475 - INFO - 未找到IP列，假设第一列为IP列
2025-10-13 11:34:16,475 - INFO - 未找到IP列，假设第一列为IP列
2025-10-13 11:34:16,475 - INFO - 未找到IP列，假设第一列为IP列
2025-10-13 11:34:16,475 - INFO - 未找到IP列，假设第一列为IP列
2025-10-13 11:34:16,475 - INFO - 未找到IP列，假设第一列为IP列
2025-10-13 11:34:16,475 - INFO - 未找到IP列，假设第一列为IP列
2025-10-13 11:34:16,475 - INFO - 未找到IP列，假设第一列为IP列
2025-10-13 11:34:16,475 - INFO - 未找到IP列，假设第一列为IP列
2025-10-13 11:34:16,475 - INFO - 未找到IP列，假设第一列为IP列
2025-10-13 11:34:16,476 - INFO - 未找到IP列，假设第一列为IP列
2025-10-13 11:34:16,476 - INFO - 未找到IP列，假设第一列为IP列
2025-10-13 11:34:16,476 - INFO - 未找到IP列，假设第一列为IP列
2025-10-13 11:34:16,476 - INFO - 未找到IP列，假设第一列为IP列
2025-10-13 11:34:16,476 - INFO - 未找到IP列，假设第一列为IP列
2025-10-13 11:34:16,476 - INFO - 未找到IP列，假设第一列为IP列
2025-10-13 11:34:16,476 - INFO - 未找到IP列，假设第一列为IP列
2025-10-13 11:34:16,476 - INFO - 未找到IP列，假设第一列为IP列
2025-10-13 11:34:16,476 - INFO - 未找到IP列，假设第一列为IP列
2025-10-13 11:34:16,476 - INFO - 未找到IP列，假设第一列为IP列
2025-10-13 11:34:16,476 - INFO - 未找到IP列，假设第一列为IP列
2025-10-13 11:34:16,476 - INFO - 未找到IP列，假设第一列为IP列
2025-10-13 11:34:16,476 - INFO - 未找到IP列，假设第一列为IP列
2025-10-13 11:34:16,476 - INFO - 未找到IP列，假设第一列为IP列
2025-10-13 11:34:16,476 - INFO - 未找到IP列，假设第一列为IP列
2025-10-13 11:34:16,476 - INFO - 未找到IP列，假设第一列为IP列
2025-10-13 11:34:16,477 - INFO - 未找到IP列，假设第一列为IP列
2025-10-13 11:34:16,477 - INFO - 未找到IP列，假设第一列为IP列
2025-10-13 11:34:16,477 - INFO - 未找到IP列，假设第一列为IP列
2025-10-13 11:34:16,477 - INFO - 未找到IP列，假设第一列为IP列
2025-10-13 11:34:16,477 - INFO - 未找到IP列，假设第一列为IP列
2025-10-13 11:34:16,477 - INFO - 未找到IP列，假设第一列为IP列
2025-10-13 11:34:16,477 - INFO - 未找到IP列，假设第一列为IP列
2025-10-13 11:34:16,477 - INFO - 未找到IP列，假设第一列为IP列
2025-10-13 11:34:16,477 - INFO - 未找到IP列，假设第一列为IP列
2025-10-13 11:34:16,477 - INFO - 未找到IP列，假设第一列为IP列
2025-10-13 11:34:16,477 - INFO - 未找到IP列，假设第一列为IP列
2025-10-13 11:34:16,477 - INFO - 未找到IP列，假设第一列为IP列
2025-10-13 11:34:16,477 - INFO - 未找到IP列，假设第一列为IP列
2025-10-13 11:34:16,477 - INFO - 未找到IP列，假设第一列为IP列
2025-10-13 11:34:16,478 - INFO - 未找到IP列，假设第一列为IP列
2025-10-13 11:34:16,478 - INFO - 未找到IP列，假设第一列为IP列
2025-10-13 11:34:16,478 - INFO - 未找到IP列，假设第一列为IP列
2025-10-13 11:34:16,478 - INFO - 未找到IP列，假设第一列为IP列
2025-10-13 11:34:16,478 - INFO - 未找到IP列，假设第一列为IP列
2025-10-13 11:34:16,478 - INFO - 未找到IP列，假设第一列为IP列
2025-10-13 11:34:16,478 - INFO - 未找到IP列，假设第一列为IP列
2025-10-13 11:34:16,478 - INFO - 未找到IP列，假设第一列为IP列
2025-10-13 11:34:16,478 - INFO - 未找到IP列，假设第一列为IP列
2025-10-13 11:34:16,478 - INFO - 未找到IP列，假设第一列为IP列
2025-10-13 11:34:16,478 - INFO - 未找到IP列，假设第一列为IP列
2025-10-13 11:34:16,478 - INFO - 未找到IP列，假设第一列为IP列
2025-10-13 11:34:16,478 - INFO - 未找到IP列，假设第一列为IP列
2025-10-13 11:34:16,478 - INFO - 未找到IP列，假设第一列为IP列
2025-10-13 11:34:16,478 - INFO - 未找到IP列，假设第一列为IP列
2025-10-13 11:34:16,478 - INFO - 未找到IP列，假设第一列为IP列
2025-10-13 11:34:16,479 - INFO - 未找到IP列，假设第一列为IP列
2025-10-13 11:34:16,479 - INFO - 未找到IP列，假设第一列为IP列
2025-10-13 11:34:16,479 - INFO - 未找到IP列，假设第一列为IP列
2025-10-13 11:34:16,479 - INFO - 未找到IP列，假设第一列为IP列
2025-10-13 11:34:16,479 - INFO - 未找到IP列，假设第一列为IP列
2025-10-13 11:34:16,479 - INFO - 未找到IP列，假设第一列为IP列
2025-10-13 11:34:16,479 - INFO - 未找到IP列，假设第一列为IP列
2025-10-13 11:34:16,479 - INFO - 未找到IP列，假设第一列为IP列
2025-10-13 11:34:16,479 - INFO - 未找到IP列，假设第一列为IP列
2025-10-13 11:34:16,479 - INFO - 未找到IP列，假设第一列为IP列
2025-10-13 11:34:16,479 - INFO - 未找到IP列，假设第一列为IP列
2025-10-13 11:34:16,479 - INFO - 未找到IP列，假设第一列为IP列
2025-10-13 11:34:16,479 - INFO - 未找到IP列，假设第一列为IP列
2025-10-13 11:34:16,479 - INFO - 未找到IP列，假设第一列为IP列
2025-10-13 11:34:16,479 - INFO - 未找到IP列，假设第一列为IP列
2025-10-13 11:34:16,480 - INFO - 未找到IP列，假设第一列为IP列
2025-10-13 11:34:16,480 - INFO - 未找到IP列，假设第一列为IP列
2025-10-13 11:34:16,480 - INFO - 未找到IP列，假设第一列为IP列
2025-10-13 11:34:16,480 - INFO - 未找到IP列，假设第一列为IP列
2025-10-13 11:34:16,480 - INFO - 未找到IP列，假设第一列为IP列
2025-10-13 11:34:16,480 - INFO - 未找到IP列，假设第一列为IP列
2025-10-13 11:34:16,480 - INFO - 未找到IP列，假设第一列为IP列
2025-10-13 11:34:16,480 - INFO - 未找到IP列，假设第一列为IP列
2025-10-13 11:34:16,480 - INFO - 未找到IP列，假设第一列为IP列
2025-10-13 11:34:16,480 - INFO - 未找到IP列，假设第一列为IP列
2025-10-13 11:34:16,480 - INFO - 未找到IP列，假设第一列为IP列
2025-10-13 11:34:16,480 - INFO - 未找到IP列，假设第一列为IP列
2025-10-13 11:34:16,480 - INFO - 未找到IP列，假设第一列为IP列
2025-10-13 11:34:16,480 - INFO - 未找到IP列，假设第一列为IP列
2025-10-13 11:34:16,480 - INFO - 未找到IP列，假设第一列为IP列
2025-10-13 11:34:16,480 - INFO - 未找到IP列，假设第一列为IP列
2025-10-13 11:34:16,480 - INFO - 未找到IP列，假设第一列为IP列
2025-10-13 11:34:16,480 - INFO - 未找到IP列，假设第一列为IP列
2025-10-13 11:34:16,480 - INFO - 未找到IP列，假设第一列为IP列
2025-10-13 11:34:16,480 - INFO - 未找到IP列，假设第一列为IP列
2025-10-13 11:34:16,481 - INFO - 未找到IP列，假设第一列为IP列
2025-10-13 11:34:16,481 - INFO - 未找到IP列，假设第一列为IP列
2025-10-13 11:34:16,481 - INFO - 未找到IP列，假设第一列为IP列
2025-10-13 11:34:16,481 - INFO - 未找到IP列，假设第一列为IP列
2025-10-13 11:34:16,481 - INFO - 未找到IP列，假设第一列为IP列
2025-10-13 11:34:16,481 - INFO - 未找到IP列，假设第一列为IP列
2025-10-13 11:34:16,481 - INFO - 未找到IP列，假设第一列为IP列
2025-10-13 11:34:16,481 - INFO - 未找到IP列，假设第一列为IP列
2025-10-13 11:34:16,481 - INFO - 未找到IP列，假设第一列为IP列
2025-10-13 11:34:16,481 - INFO - 未找到IP列，假设第一列为IP列
2025-10-13 11:34:16,481 - INFO - 未找到IP列，假设第一列为IP列
2025-10-13 11:34:16,481 - INFO - 未找到IP列，假设第一列为IP列
2025-10-13 11:34:16,481 - INFO - 未找到IP列，假设第一列为IP列
2025-10-13 11:34:16,481 - INFO - 未找到IP列，假设第一列为IP列
2025-10-13 11:34:16,481 - INFO - 未找到IP列，假设第一列为IP列
2025-10-13 11:34:16,481 - INFO - 未找到IP列，假设第一列为IP列
2025-10-13 11:34:16,481 - INFO - 未找到IP列，假设第一列为IP列
2025-10-13 11:34:16,481 - INFO - 未找到IP列，假设第一列为IP列
2025-10-13 11:34:16,481 - INFO - 未找到IP列，假设第一列为IP列
2025-10-13 11:34:16,481 - INFO - 未找到IP列，假设第一列为IP列
2025-10-13 11:34:16,481 - INFO - 未找到IP列，假设第一列为IP列
2025-10-13 11:34:16,481 - INFO - 未找到IP列，假设第一列为IP列
2025-10-13 11:34:16,481 - INFO - 未找到IP列，假设第一列为IP列
2025-10-13 11:34:16,481 - INFO - 未找到IP列，假设第一列为IP列
2025-10-13 11:34:16,481 - INFO - 未找到IP列，假设第一列为IP列
2025-10-13 11:34:16,482 - INFO - 未找到IP列，假设第一列为IP列
2025-10-13 11:34:16,482 - INFO - 未找到IP列，假设第一列为IP列
2025-10-13 11:34:16,482 - INFO - 未找到IP列，假设第一列为IP列
2025-10-13 11:34:16,482 - INFO - 未找到IP列，假设第一列为IP列
2025-10-13 11:34:16,482 - INFO - 未找到IP列，假设第一列为IP列
2025-10-13 11:34:16,482 - INFO - 未找到IP列，假设第一列为IP列
2025-10-13 11:34:16,482 - INFO - 未找到IP列，假设第一列为IP列
2025-10-13 11:34:16,482 - INFO - 未找到IP列，假设第一列为IP列
2025-10-13 11:34:16,482 - INFO - 未找到IP列，假设第一列为IP列
2025-10-13 11:34:16,482 - INFO - 未找到IP列，假设第一列为IP列
2025-10-13 11:34:16,482 - INFO - 未找到IP列，假设第一列为IP列
2025-10-13 11:34:16,482 - INFO - 未找到IP列，假设第一列为IP列
2025-10-13 11:34:16,482 - INFO - 未找到IP列，假设第一列为IP列
2025-10-13 11:34:16,482 - INFO - 未找到IP列，假设第一列为IP列
2025-10-13 11:34:16,482 - INFO - 未找到IP列，假设第一列为IP列
2025-10-13 11:34:16,482 - INFO - 未找到IP列，假设第一列为IP列
2025-10-13 11:34:16,482 - INFO - 未找到IP列，假设第一列为IP列
2025-10-13 11:34:16,482 - INFO - 未找到IP列，假设第一列为IP列
2025-10-13 11:34:16,482 - INFO - 未找到IP列，假设第一列为IP列
2025-10-13 11:34:16,482 - INFO - 未找到IP列，假设第一列为IP列
2025-10-13 11:34:16,482 - INFO - 未找到IP列，假设第一列为IP列
2025-10-13 11:34:16,482 - INFO - 未找到IP列，假设第一列为IP列
2025-10-13 11:34:16,482 - INFO - 未找到IP列，假设第一列为IP列
2025-10-13 11:34:16,482 - INFO - 未找到IP列，假设第一列为IP列
2025-10-13 11:34:16,482 - INFO - 未找到IP列，假设第一列为IP列
2025-10-13 11:34:16,482 - INFO - 未找到IP列，假设第一列为IP列
2025-10-13 11:34:16,482 - INFO - 未找到IP列，假设第一列为IP列
2025-10-13 11:34:16,483 - INFO - 未找到IP列，假设第一列为IP列
2025-10-13 11:34:16,483 - INFO - 未找到IP列，假设第一列为IP列
2025-10-13 11:34:16,483 - INFO - 未找到IP列，假设第一列为IP列
2025-10-13 11:34:16,483 - INFO - 未找到IP列，假设第一列为IP列
2025-10-13 11:34:16,483 - INFO - 未找到IP列，假设第一列为IP列
2025-10-13 11:34:16,483 - INFO - 未找到IP列，假设第一列为IP列
2025-10-13 11:34:16,483 - INFO - 未找到IP列，假设第一列为IP列
2025-10-13 11:34:16,483 - INFO - 未找到IP列，假设第一列为IP列
2025-10-13 11:34:16,483 - INFO - 未找到IP列，假设第一列为IP列
2025-10-13 11:34:16,483 - INFO - 未找到IP列，假设第一列为IP列
2025-10-13 11:34:16,483 - INFO - 未找到IP列，假设第一列为IP列
2025-10-13 11:34:16,483 - INFO - 未找到IP列，假设第一列为IP列
2025-10-13 11:34:16,483 - INFO - 未找到IP列，假设第一列为IP列
2025-10-13 11:34:16,483 - INFO - 未找到IP列，假设第一列为IP列
2025-10-13 11:34:16,483 - INFO - 未找到IP列，假设第一列为IP列
2025-10-13 11:34:16,483 - INFO - 未找到IP列，假设第一列为IP列
2025-10-13 11:34:16,483 - INFO - 未找到IP列，假设第一列为IP列
2025-10-13 11:34:16,483 - INFO - 未找到IP列，假设第一列为IP列
2025-10-13 11:34:16,483 - INFO - 未找到IP列，假设第一列为IP列
2025-10-13 11:34:16,483 - INFO - 未找到IP列，假设第一列为IP列
2025-10-13 11:34:16,483 - INFO - 未找到IP列，假设第一列为IP列
2025-10-13 11:34:16,483 - INFO - 未找到IP列，假设第一列为IP列
2025-10-13 11:34:16,483 - INFO - 未找到IP列，假设第一列为IP列
2025-10-13 11:34:16,483 - INFO - 未找到IP列，假设第一列为IP列
2025-10-13 11:34:16,483 - INFO - 未找到IP列，假设第一列为IP列
2025-10-13 11:34:16,483 - INFO - 未找到IP列，假设第一列为IP列
2025-10-13 11:34:16,484 - INFO - 未找到IP列，假设第一列为IP列
2025-10-13 11:34:16,484 - INFO - 未找到IP列，假设第一列为IP列
2025-10-13 11:34:16,484 - INFO - 未找到IP列，假设第一列为IP列
2025-10-13 11:34:16,484 - INFO - 未找到IP列，假设第一列为IP列
2025-10-13 11:34:16,484 - INFO - 未找到IP列，假设第一列为IP列
2025-10-13 11:34:16,484 - INFO - 未找到IP列，假设第一列为IP列
2025-10-13 11:34:16,484 - INFO - 未找到IP列，假设第一列为IP列
2025-10-13 11:34:16,484 - INFO - 未找到IP列，假设第一列为IP列
2025-10-13 11:34:16,484 - INFO - 未找到IP列，假设第一列为IP列
2025-10-13 11:34:16,484 - INFO - 未找到IP列，假设第一列为IP列
2025-10-13 11:34:16,484 - INFO - 未找到IP列，假设第一列为IP列
2025-10-13 11:34:16,484 - INFO - 未找到IP列，假设第一列为IP列
2025-10-13 11:34:16,484 - INFO - 未找到IP列，假设第一列为IP列
2025-10-13 11:34:16,484 - INFO - 未找到IP列，假设第一列为IP列
2025-10-13 11:34:16,484 - INFO - 未找到IP列，假设第一列为IP列
2025-10-13 11:34:16,484 - INFO - 未找到IP列，假设第一列为IP列
2025-10-13 11:34:16,484 - INFO - 未找到IP列，假设第一列为IP列
2025-10-13 11:34:16,484 - INFO - 未找到IP列，假设第一列为IP列
2025-10-13 11:34:16,484 - INFO - 未找到IP列，假设第一列为IP列
2025-10-13 11:34:16,484 - INFO - 未找到IP列，假设第一列为IP列
2025-10-13 11:34:16,484 - INFO - 未找到IP列，假设第一列为IP列
2025-10-13 11:34:16,484 - INFO - 未找到IP列，假设第一列为IP列
2025-10-13 11:34:16,484 - INFO - 未找到IP列，假设第一列为IP列
2025-10-13 11:34:16,484 - INFO - 未找到IP列，假设第一列为IP列
2025-10-13 11:34:16,484 - INFO - 未找到IP列，假设第一列为IP列
2025-10-13 11:34:16,484 - INFO - 未找到IP列，假设第一列为IP列
2025-10-13 11:34:16,484 - INFO - 未找到IP列，假设第一列为IP列
2025-10-13 11:34:16,485 - INFO - 未找到IP列，假设第一列为IP列
2025-10-13 11:34:16,485 - INFO - 未找到IP列，假设第一列为IP列
2025-10-13 11:34:16,485 - INFO - 未找到IP列，假设第一列为IP列
2025-10-13 11:34:16,485 - INFO - 未找到IP列，假设第一列为IP列
2025-10-13 11:34:16,485 - INFO - 未找到IP列，假设第一列为IP列
2025-10-13 11:34:16,485 - INFO - 未找到IP列，假设第一列为IP列
2025-10-13 11:34:16,485 - INFO - 未找到IP列，假设第一列为IP列
2025-10-13 11:34:16,485 - INFO - 未找到IP列，假设第一列为IP列
2025-10-13 11:34:16,485 - INFO - 未找到IP列，假设第一列为IP列
2025-10-13 11:34:16,485 - INFO - 未找到IP列，假设第一列为IP列
2025-10-13 11:34:16,485 - INFO - 未找到IP列，假设第一列为IP列
2025-10-13 11:34:16,485 - INFO - 未找到IP列，假设第一列为IP列
2025-10-13 11:34:16,485 - INFO - 未找到IP列，假设第一列为IP列
2025-10-13 11:34:16,485 - INFO - 未找到IP列，假设第一列为IP列
2025-10-13 11:34:16,485 - INFO - 未找到IP列，假设第一列为IP列
2025-10-13 11:34:16,485 - INFO - 未找到IP列，假设第一列为IP列
2025-10-13 11:34:16,485 - INFO - 未找到IP列，假设第一列为IP列
2025-10-13 11:34:16,486 - INFO - 未找到IP列，假设第一列为IP列
2025-10-13 11:34:16,486 - INFO - 未找到IP列，假设第一列为IP列
2025-10-13 11:34:16,486 - INFO - 未找到IP列，假设第一列为IP列
2025-10-13 11:34:16,486 - INFO - 未找到IP列，假设第一列为IP列
2025-10-13 11:34:16,486 - INFO - 未找到IP列，假设第一列为IP列
2025-10-13 11:34:16,486 - INFO - 未找到IP列，假设第一列为IP列
2025-10-13 11:34:16,486 - INFO - 未找到IP列，假设第一列为IP列
2025-10-13 11:34:16,486 - INFO - 未找到IP列，假设第一列为IP列
2025-10-13 11:34:16,486 - INFO - 未找到IP列，假设第一列为IP列
2025-10-13 11:34:16,486 - INFO - 未找到IP列，假设第一列为IP列
2025-10-13 11:34:16,486 - INFO - 未找到IP列，假设第一列为IP列
2025-10-13 11:34:16,486 - INFO - 未找到IP列，假设第一列为IP列
2025-10-13 11:34:16,486 - INFO - 未找到IP列，假设第一列为IP列
2025-10-13 11:34:16,486 - INFO - 未找到IP列，假设第一列为IP列
2025-10-13 11:34:16,486 - INFO - 未找到IP列，假设第一列为IP列
2025-10-13 11:34:16,486 - INFO - 未找到IP列，假设第一列为IP列
2025-10-13 11:34:16,486 - INFO - 未找到IP列，假设第一列为IP列
2025-10-13 11:34:16,487 - INFO - 未找到IP列，假设第一列为IP列
2025-10-13 11:34:16,487 - INFO - 未找到IP列，假设第一列为IP列
2025-10-13 11:34:16,487 - INFO - 未找到IP列，假设第一列为IP列
2025-10-13 11:34:16,487 - INFO - 未找到IP列，假设第一列为IP列
2025-10-13 11:34:16,487 - INFO - 未找到IP列，假设第一列为IP列
2025-10-13 11:34:16,487 - INFO - 未找到IP列，假设第一列为IP列
2025-10-13 11:34:16,487 - INFO - 未找到IP列，假设第一列为IP列
2025-10-13 11:34:16,487 - INFO - 未找到IP列，假设第一列为IP列
2025-10-13 11:34:16,487 - INFO - 未找到IP列，假设第一列为IP列
2025-10-13 11:34:16,487 - INFO - 未找到IP列，假设第一列为IP列
2025-10-13 11:34:16,487 - INFO - 未找到IP列，假设第一列为IP列
2025-10-13 11:34:16,487 - INFO - 未找到IP列，假设第一列为IP列
2025-10-13 11:34:16,487 - INFO - 未找到IP列，假设第一列为IP列
2025-10-13 11:34:16,487 - INFO - 未找到IP列，假设第一列为IP列
2025-10-13 11:34:16,487 - INFO - 未找到IP列，假设第一列为IP列
2025-10-13 11:34:16,487 - INFO - 未找到IP列，假设第一列为IP列
2025-10-13 11:34:16,488 - INFO - 未找到IP列，假设第一列为IP列
2025-10-13 11:34:16,488 - INFO - 未找到IP列，假设第一列为IP列
2025-10-13 11:34:16,488 - INFO - 未找到IP列，假设第一列为IP列
2025-10-13 11:34:16,488 - INFO - 未找到IP列，假设第一列为IP列
2025-10-13 11:34:16,488 - INFO - 未找到IP列，假设第一列为IP列
2025-10-13 11:34:16,488 - INFO - 未找到IP列，假设第一列为IP列
2025-10-13 11:34:16,488 - INFO - 未找到IP列，假设第一列为IP列
2025-10-13 11:34:16,488 - INFO - 未找到IP列，假设第一列为IP列
2025-10-13 11:34:16,488 - INFO - 未找到IP列，假设第一列为IP列
2025-10-13 11:34:16,488 - INFO - 未找到IP列，假设第一列为IP列
2025-10-13 11:34:16,488 - INFO - 未找到IP列，假设第一列为IP列
2025-10-13 11:34:16,488 - INFO - 未找到IP列，假设第一列为IP列
2025-10-13 11:34:16,488 - INFO - 未找到IP列，假设第一列为IP列
2025-10-13 11:34:16,488 - INFO - 未找到IP列，假设第一列为IP列
2025-10-13 11:34:16,488 - INFO - 未找到IP列，假设第一列为IP列
2025-10-13 11:34:16,488 - INFO - 未找到IP列，假设第一列为IP列
2025-10-13 11:34:16,489 - INFO - 未找到IP列，假设第一列为IP列
2025-10-13 11:34:16,489 - INFO - 未找到IP列，假设第一列为IP列
2025-10-13 11:34:16,489 - INFO - 未找到IP列，假设第一列为IP列
2025-10-13 11:34:16,489 - INFO - 未找到IP列，假设第一列为IP列
2025-10-13 11:34:16,489 - INFO - 未找到IP列，假设第一列为IP列
2025-10-13 11:34:16,489 - INFO - 未找到IP列，假设第一列为IP列
2025-10-13 11:34:16,489 - INFO - 未找到IP列，假设第一列为IP列
2025-10-13 11:34:16,489 - INFO - 未找到IP列，假设第一列为IP列
2025-10-13 11:34:16,489 - INFO - 未找到IP列，假设第一列为IP列
2025-10-13 11:34:16,489 - INFO - 未找到IP列，假设第一列为IP列
2025-10-13 11:34:16,489 - INFO - 未找到IP列，假设第一列为IP列
2025-10-13 11:34:16,489 - INFO - 未找到IP列，假设第一列为IP列
2025-10-13 11:34:16,489 - INFO - 未找到IP列，假设第一列为IP列
2025-10-13 11:34:16,489 - INFO - 未找到IP列，假设第一列为IP列
2025-10-13 11:34:16,489 - INFO - 未找到IP列，假设第一列为IP列
2025-10-13 11:34:16,489 - INFO - 未找到IP列，假设第一列为IP列
2025-10-13 11:34:16,490 - INFO - 未找到IP列，假设第一列为IP列
2025-10-13 11:34:16,490 - INFO - 未找到IP列，假设第一列为IP列
2025-10-13 11:34:16,490 - INFO - 未找到IP列，假设第一列为IP列
2025-10-13 11:34:16,490 - INFO - 未找到IP列，假设第一列为IP列
2025-10-13 11:34:16,490 - INFO - 未找到IP列，假设第一列为IP列
2025-10-13 11:34:16,490 - INFO - 未找到IP列，假设第一列为IP列
2025-10-13 11:34:16,490 - INFO - 未找到IP列，假设第一列为IP列
2025-10-13 11:34:16,490 - INFO - 未找到IP列，假设第一列为IP列
2025-10-13 11:34:16,490 - INFO - 未找到IP列，假设第一列为IP列
2025-10-13 11:34:16,490 - INFO - 未找到IP列，假设第一列为IP列
2025-10-13 11:34:16,490 - INFO - 未找到IP列，假设第一列为IP列
2025-10-13 11:34:16,490 - INFO - 未找到IP列，假设第一列为IP列
2025-10-13 11:34:16,490 - INFO - 未找到IP列，假设第一列为IP列
2025-10-13 11:34:16,490 - INFO - 未找到IP列，假设第一列为IP列
2025-10-13 11:34:16,490 - INFO - 未找到IP列，假设第一列为IP列
2025-10-13 11:34:16,491 - INFO - 未找到IP列，假设第一列为IP列
2025-10-13 11:34:16,491 - INFO - 未找到IP列，假设第一列为IP列
2025-10-13 11:34:16,491 - INFO - 未找到IP列，假设第一列为IP列
2025-10-13 11:34:16,491 - INFO - 未找到IP列，假设第一列为IP列
2025-10-13 11:34:16,491 - INFO - 未找到IP列，假设第一列为IP列
2025-10-13 11:34:16,491 - INFO - 未找到IP列，假设第一列为IP列
2025-10-13 11:34:16,491 - INFO - 未找到IP列，假设第一列为IP列
2025-10-13 11:34:16,491 - INFO - 未找到IP列，假设第一列为IP列
2025-10-13 11:34:16,491 - INFO - 未找到IP列，假设第一列为IP列
2025-10-13 11:34:16,491 - INFO - 未找到IP列，假设第一列为IP列
2025-10-13 11:34:16,491 - INFO - 未找到IP列，假设第一列为IP列
2025-10-13 11:34:16,491 - INFO - 未找到IP列，假设第一列为IP列
2025-10-13 11:34:16,491 - INFO - 未找到IP列，假设第一列为IP列
2025-10-13 11:34:16,491 - INFO - 未找到IP列，假设第一列为IP列
2025-10-13 11:34:16,492 - INFO - 未找到IP列，假设第一列为IP列
2025-10-13 11:34:16,492 - INFO - 未找到IP列，假设第一列为IP列
2025-10-13 11:34:16,492 - INFO - 未找到IP列，假设第一列为IP列
2025-10-13 11:34:16,492 - INFO - 未找到IP列，假设第一列为IP列
2025-10-13 11:34:16,492 - INFO - 未找到IP列，假设第一列为IP列
2025-10-13 11:34:16,492 - INFO - 未找到IP列，假设第一列为IP列
2025-10-13 11:34:16,492 - INFO - 未找到IP列，假设第一列为IP列
2025-10-13 11:34:16,492 - INFO - 未找到IP列，假设第一列为IP列
2025-10-13 11:34:16,492 - INFO - 未找到IP列，假设第一列为IP列
2025-10-13 11:34:16,492 - INFO - 未找到IP列，假设第一列为IP列
2025-10-13 11:34:16,492 - INFO - 未找到IP列，假设第一列为IP列
2025-10-13 11:34:16,492 - INFO - 未找到IP列，假设第一列为IP列
2025-10-13 11:34:16,492 - INFO - 未找到IP列，假设第一列为IP列
2025-10-13 11:34:16,492 - INFO - 未找到IP列，假设第一列为IP列
2025-10-13 11:34:16,492 - INFO - 未找到IP列，假设第一列为IP列
2025-10-13 11:34:16,493 - INFO - 未找到IP列，假设第一列为IP列
2025-10-13 11:34:16,493 - INFO - 未找到IP列，假设第一列为IP列
2025-10-13 11:34:16,493 - INFO - 未找到IP列，假设第一列为IP列
2025-10-13 11:34:16,493 - INFO - 未找到IP列，假设第一列为IP列
2025-10-13 11:34:16,493 - INFO - 未找到IP列，假设第一列为IP列
2025-10-13 11:34:16,493 - INFO - 未找到IP列，假设第一列为IP列
2025-10-13 11:34:16,493 - INFO - 未找到IP列，假设第一列为IP列
2025-10-13 11:34:16,493 - INFO - 未找到IP列，假设第一列为IP列
2025-10-13 11:34:16,493 - INFO - 未找到IP列，假设第一列为IP列
2025-10-13 11:34:16,493 - INFO - 未找到IP列，假设第一列为IP列
2025-10-13 11:34:16,493 - INFO - 未找到IP列，假设第一列为IP列
2025-10-13 11:34:16,493 - INFO - 未找到IP列，假设第一列为IP列
2025-10-13 11:34:16,493 - INFO - 未找到IP列，假设第一列为IP列
2025-10-13 11:34:16,493 - INFO - 未找到IP列，假设第一列为IP列
2025-10-13 11:34:16,493 - INFO - 未找到IP列，假设第一列为IP列
2025-10-13 11:34:16,493 - INFO - 未找到IP列，假设第一列为IP列
2025-10-13 11:34:16,494 - INFO - 未找到IP列，假设第一列为IP列
2025-10-13 11:34:16,494 - INFO - 未找到IP列，假设第一列为IP列
2025-10-13 11:34:16,494 - INFO - 未找到IP列，假设第一列为IP列
2025-10-13 11:34:16,494 - INFO - 未找到IP列，假设第一列为IP列
2025-10-13 11:34:16,494 - INFO - 未找到IP列，假设第一列为IP列
2025-10-13 11:34:16,494 - INFO - 未找到IP列，假设第一列为IP列
2025-10-13 11:34:16,494 - INFO - 未找到IP列，假设第一列为IP列
2025-10-13 11:34:16,494 - INFO - 未找到IP列，假设第一列为IP列
2025-10-13 11:34:16,494 - INFO - 未找到IP列，假设第一列为IP列
2025-10-13 11:34:16,494 - INFO - 未找到IP列，假设第一列为IP列
2025-10-13 11:34:16,494 - INFO - 未找到IP列，假设第一列为IP列
2025-10-13 11:34:16,494 - INFO - 未找到IP列，假设第一列为IP列
2025-10-13 11:34:16,494 - INFO - 未找到IP列，假设第一列为IP列
2025-10-13 11:34:16,494 - INFO - 未找到IP列，假设第一列为IP列
2025-10-13 11:34:16,494 - INFO - 未找到IP列，假设第一列为IP列
2025-10-13 11:34:16,495 - INFO - 未找到IP列，假设第一列为IP列
2025-10-13 11:34:16,495 - INFO - 未找到IP列，假设第一列为IP列
2025-10-13 11:34:16,495 - INFO - 未找到IP列，假设第一列为IP列
2025-10-13 11:34:16,495 - INFO - 未找到IP列，假设第一列为IP列
2025-10-13 11:34:16,495 - INFO - 未找到IP列，假设第一列为IP列
2025-10-13 11:34:16,495 - INFO - 未找到IP列，假设第一列为IP列
2025-10-13 11:34:16,495 - INFO - 未找到IP列，假设第一列为IP列
2025-10-13 11:34:16,495 - INFO - 未找到IP列，假设第一列为IP列
2025-10-13 11:34:16,495 - INFO - 未找到IP列，假设第一列为IP列
2025-10-13 11:34:16,495 - INFO - 未找到IP列，假设第一列为IP列
2025-10-13 11:34:16,495 - INFO - 未找到IP列，假设第一列为IP列
2025-10-13 11:34:16,495 - INFO - 未找到IP列，假设第一列为IP列
2025-10-13 11:34:16,495 - INFO - 未找到IP列，假设第一列为IP列
2025-10-13 11:34:16,495 - INFO - 未找到IP列，假设第一列为IP列
2025-10-13 11:34:16,495 - INFO - 未找到IP列，假设第一列为IP列
2025-10-13 11:34:16,495 - INFO - 未找到IP列，假设第一列为IP列
2025-10-13 11:34:16,496 - INFO - 未找到IP列，假设第一列为IP列
2025-10-13 11:34:16,496 - INFO - 未找到IP列，假设第一列为IP列
2025-10-13 11:34:16,496 - INFO - 未找到IP列，假设第一列为IP列
2025-10-13 11:34:16,496 - INFO - 未找到IP列，假设第一列为IP列
2025-10-13 11:34:16,496 - INFO - 未找到IP列，假设第一列为IP列
2025-10-13 11:34:16,496 - INFO - 未找到IP列，假设第一列为IP列
2025-10-13 11:34:16,496 - INFO - 未找到IP列，假设第一列为IP列
2025-10-13 11:34:16,496 - INFO - 未找到IP列，假设第一列为IP列
2025-10-13 11:34:16,496 - INFO - 未找到IP列，假设第一列为IP列
2025-10-13 11:34:16,496 - INFO - 未找到IP列，假设第一列为IP列
2025-10-13 11:34:16,496 - INFO - 未找到IP列，假设第一列为IP列
2025-10-13 11:34:16,496 - INFO - 未找到IP列，假设第一列为IP列
2025-10-13 11:34:16,496 - INFO - 未找到IP列，假设第一列为IP列
2025-10-13 11:34:16,496 - INFO - 未找到IP列，假设第一列为IP列
2025-10-13 11:34:16,496 - INFO - 未找到IP列，假设第一列为IP列
2025-10-13 11:34:16,496 - INFO - 未找到IP列，假设第一列为IP列
2025-10-13 11:34:16,497 - INFO - 未找到IP列，假设第一列为IP列
2025-10-13 11:34:16,497 - INFO - 未找到IP列，假设第一列为IP列
2025-10-13 11:34:16,497 - INFO - 未找到IP列，假设第一列为IP列
2025-10-13 11:34:16,497 - INFO - 未找到IP列，假设第一列为IP列
2025-10-13 11:34:16,497 - INFO - 未找到IP列，假设第一列为IP列
2025-10-13 11:34:16,497 - INFO - 未找到IP列，假设第一列为IP列
2025-10-13 11:34:16,497 - INFO - 未找到IP列，假设第一列为IP列
2025-10-13 11:34:16,497 - INFO - 未找到IP列，假设第一列为IP列
2025-10-13 11:34:16,497 - INFO - 未找到IP列，假设第一列为IP列
2025-10-13 11:34:16,497 - INFO - 未找到IP列，假设第一列为IP列
2025-10-13 11:34:16,497 - INFO - 未找到IP列，假设第一列为IP列
2025-10-13 11:34:16,497 - INFO - 未找到IP列，假设第一列为IP列
2025-10-13 11:34:16,497 - INFO - 未找到IP列，假设第一列为IP列
2025-10-13 11:34:16,497 - INFO - 未找到IP列，假设第一列为IP列
2025-10-13 11:34:16,497 - INFO - 未找到IP列，假设第一列为IP列
2025-10-13 11:34:16,498 - INFO - 未找到IP列，假设第一列为IP列
2025-10-13 11:34:16,498 - INFO - 未找到IP列，假设第一列为IP列
2025-10-13 11:34:16,498 - INFO - 未找到IP列，假设第一列为IP列
2025-10-13 11:34:16,498 - INFO - 未找到IP列，假设第一列为IP列
2025-10-13 11:34:16,498 - INFO - 未找到IP列，假设第一列为IP列
2025-10-13 11:34:16,498 - INFO - 未找到IP列，假设第一列为IP列
2025-10-13 11:34:16,498 - INFO - 未找到IP列，假设第一列为IP列
2025-10-13 11:34:16,498 - INFO - 未找到IP列，假设第一列为IP列
2025-10-13 11:34:16,498 - INFO - 未找到IP列，假设第一列为IP列
2025-10-13 11:34:16,498 - INFO - 未找到IP列，假设第一列为IP列
2025-10-13 11:34:16,498 - INFO - 未找到IP列，假设第一列为IP列
2025-10-13 11:34:16,498 - INFO - 未找到IP列，假设第一列为IP列
2025-10-13 11:34:16,498 - INFO - 未找到IP列，假设第一列为IP列
2025-10-13 11:34:16,498 - INFO - 未找到IP列，假设第一列为IP列
2025-10-13 11:34:16,498 - INFO - 未找到IP列，假设第一列为IP列
2025-10-13 11:34:16,498 - INFO - 未找到IP列，假设第一列为IP列
2025-10-13 11:34:16,499 - INFO - 未找到IP列，假设第一列为IP列
2025-10-13 11:34:16,499 - INFO - 未找到IP列，假设第一列为IP列
2025-10-13 11:34:16,499 - INFO - 未找到IP列，假设第一列为IP列
2025-10-13 11:34:16,499 - INFO - 未找到IP列，假设第一列为IP列
2025-10-13 11:34:16,499 - INFO - 未找到IP列，假设第一列为IP列
2025-10-13 11:34:16,499 - INFO - 未找到IP列，假设第一列为IP列
2025-10-13 11:34:16,499 - INFO - 未找到IP列，假设第一列为IP列
2025-10-13 11:34:16,499 - INFO - 未找到IP列，假设第一列为IP列
2025-10-13 11:34:16,499 - INFO - 未找到IP列，假设第一列为IP列
2025-10-13 11:34:16,499 - INFO - 未找到IP列，假设第一列为IP列
2025-10-13 11:34:16,499 - INFO - 未找到IP列，假设第一列为IP列
2025-10-13 11:34:16,499 - INFO - 未找到IP列，假设第一列为IP列
2025-10-13 11:34:16,499 - INFO - 未找到IP列，假设第一列为IP列
2025-10-13 11:34:16,499 - INFO - 未找到IP列，假设第一列为IP列
2025-10-13 11:34:16,499 - INFO - 未找到IP列，假设第一列为IP列
2025-10-13 11:34:16,500 - INFO - 未找到IP列，假设第一列为IP列
2025-10-13 11:34:16,500 - INFO - 未找到IP列，假设第一列为IP列
2025-10-13 11:34:16,500 - INFO - 未找到IP列，假设第一列为IP列
2025-10-13 11:34:16,500 - INFO - 未找到IP列，假设第一列为IP列
2025-10-13 11:34:16,500 - INFO - 未找到IP列，假设第一列为IP列
2025-10-13 11:34:16,500 - INFO - 未找到IP列，假设第一列为IP列
2025-10-13 11:34:16,500 - INFO - 未找到IP列，假设第一列为IP列
2025-10-13 11:34:16,500 - INFO - 未找到IP列，假设第一列为IP列
2025-10-13 11:34:16,500 - INFO - 未找到IP列，假设第一列为IP列
2025-10-13 11:34:16,500 - INFO - 未找到IP列，假设第一列为IP列
2025-10-13 11:34:16,500 - INFO - 未找到IP列，假设第一列为IP列
2025-10-13 11:34:16,500 - INFO - 未找到IP列，假设第一列为IP列
2025-10-13 11:34:16,500 - INFO - 未找到IP列，假设第一列为IP列
2025-10-13 11:34:16,500 - INFO - 未找到IP列，假设第一列为IP列
2025-10-13 11:34:16,500 - INFO - 未找到IP列，假设第一列为IP列
2025-10-13 11:34:16,501 - INFO - 未找到IP列，假设第一列为IP列
2025-10-13 11:34:16,501 - INFO - 未找到IP列，假设第一列为IP列
2025-10-13 11:34:16,501 - INFO - 未找到IP列，假设第一列为IP列
2025-10-13 11:34:16,501 - INFO - 未找到IP列，假设第一列为IP列
2025-10-13 11:34:16,501 - INFO - 未找到IP列，假设第一列为IP列
2025-10-13 11:34:16,501 - INFO - 未找到IP列，假设第一列为IP列
2025-10-13 11:34:16,501 - INFO - 未找到IP列，假设第一列为IP列
2025-10-13 11:34:16,501 - INFO - 未找到IP列，假设第一列为IP列
2025-10-13 11:34:16,501 - INFO - 未找到IP列，假设第一列为IP列
2025-10-13 11:34:16,501 - INFO - 未找到IP列，假设第一列为IP列
2025-10-13 11:34:16,501 - INFO - 未找到IP列，假设第一列为IP列
2025-10-13 11:34:16,501 - INFO - 未找到IP列，假设第一列为IP列
2025-10-13 11:34:16,501 - INFO - 未找到IP列，假设第一列为IP列
2025-10-13 11:34:16,501 - INFO - 未找到IP列，假设第一列为IP列
2025-10-13 11:34:16,501 - INFO - 未找到IP列，假设第一列为IP列
2025-10-13 11:34:16,502 - INFO - 成功保存 1738 个IP地址到 ip.txt
2025-10-13 11:34:16,502 - INFO - 成功提取 1738 个443端口IP地址
2025-10-13 11:34:16,502 - INFO - Disconnecting from 91.108.56.199:443/TcpFull...
2025-10-13 11:34:16,503 - INFO - Disconnection from 91.108.56.199:443/TcpFull complete!
